This file contains any messages produced by compilers while
running configure, to aid debugging if configure makes a mistake.

It was created by PCRE configure 8.43, which was
generated by GNU Autoconf 2.69.  Invocation command line was

  $ ./configure 

## --------- ##
## Platform. ##
## --------- ##

hostname = jsnadeau-z400
uname -m = x86_64
uname -r = 4.19.0-6-amd64
uname -s = Linux
uname -v = #1 SMP Debian 4.19.67-2 (2019-08-28)

/usr/bin/uname -p = unknown
/bin/uname -X     = unknown

/bin/arch              = x86_64
/usr/bin/arch -k       = unknown
/usr/convex/getsysinfo = unknown
/usr/bin/hostinfo      = unknown
/bin/machine           = unknown
/usr/bin/oslevel       = unknown
/bin/universe          = unknown

PATH: /home/jsnadeau/emsdk/upstream/emscripten/system/bin
PATH: /home/jsnadeau/emsdk
PATH: /home/jsnadeau/emsdk/upstream/emscripten
PATH: /home/jsnadeau/emsdk/node/12.9.1_64bit/bin
PATH: /home/jsnadeau/.wasmer/bin
PATH: /home/jsnadeau/.wasmer/globals/wapm_packages/.bin
PATH: /home/jsnadeau/.wasienv/bin
PATH: /home/jsnadeau/.opam/default/bin
PATH: /usr/local/bin
PATH: /usr/bin
PATH: /bin
PATH: /usr/local/games
PATH: /usr/games


## ----------- ##
## Core tests. ##
## ----------- ##

configure:2812: checking for a BSD-compatible install
configure:2880: result: /usr/bin/install -c
configure:2891: checking whether build environment is sane
configure:2946: result: yes
configure:3095: checking for a thread-safe mkdir -p
configure:3134: result: /usr/bin/mkdir -p
configure:3141: checking for gawk
configure:3157: found /usr/bin/gawk
configure:3168: result: gawk
configure:3179: checking whether make sets $(MAKE)
configure:3201: result: yes
configure:3230: checking whether make supports nested variables
configure:3247: result: yes
configure:3384: checking whether make supports nested variables
configure:3401: result: yes
configure:3420: checking whether make supports the include directive
configure:3435: make -f confmf.GNU && cat confinc.out
this is the am__doit target
configure:3438: $? = 0
configure:3457: result: yes (GNU style)
configure:3527: checking for gcc
configure:3554: result: /home/jsnadeau/emsdk/upstream/emscripten/emcc
configure:3783: checking for C compiler version
configure:3792: /home/jsnadeau/emsdk/upstream/emscripten/emcc --version >&5
emcc (Emscripten gcc/clang-like replacement) 1.39.5 (commit 98ad15a3d7433bbf9b8e582473b79423d5e1187e)
Copyright (C) 2014 the Emscripten authors (see AUTHORS.txt)
This is free and open source software under the MIT license.
There is NO warranty; not even for MERCHANTABILITY or FITNESS FOR A PARTICULAR PURPOSE.
  
configure:3803: $? = 0
configure:3792: /home/jsnadeau/emsdk/upstream/emscripten/emcc -v >&5
emcc (Emscripten gcc/clang-like replacement + linker emulating GNU ld) 1.39.5
clang version 10.0.0 (/b/s/w/ir/cache/git/chromium.googlesource.com-external-github.com-llvm-llvm--project be2b7ea89ab43d6827634fbdbbd2661e1f242527)
Target: x86_64-unknown-linux-gnu
Thread model: posix
InstalledDir: /home/jsnadeau/emsdk/upstream/bin
Found candidate GCC installation: /usr/lib/gcc/i686-linux-gnu/8
Found candidate GCC installation: /usr/lib/gcc/x86_64-linux-gnu/8
Selected GCC installation: /usr/lib/gcc/x86_64-linux-gnu/8
Candidate multilib: .;@m64
Selected multilib: .;@m64
... rest of stderr output deleted ...
configure:3803: $? = 0
configure:3792: /home/jsnadeau/emsdk/upstream/emscripten/emcc -V >&5
shared:ERROR: no input files
note that input files without a known suffix are ignored, make sure your input files end with one of: ('.c', '.C', '.i', '.cpp', '.cxx', '.cc', '.c++', '.CPP', '.CXX', '.CC', '.C++', '.ii', '.m', '.mi', '.mm', '.mii', '/dev/null', '.bc', '.o', '.obj', '.lo', '.dylib', '.so', '.a', '.ll', '.h', '.hxx', '.hpp', '.hh', '.H', '.HXX', '.HPP', '.HH')
configure:3803: $? = 1
configure:3792: /home/jsnadeau/emsdk/upstream/emscripten/emcc -qversion >&5
shared:ERROR: no input files
note that input files without a known suffix are ignored, make sure your input files end with one of: ('.c', '.C', '.i', '.cpp', '.cxx', '.cc', '.c++', '.CPP', '.CXX', '.CC', '.C++', '.ii', '.m', '.mi', '.mm', '.mii', '/dev/null', '.bc', '.o', '.obj', '.lo', '.dylib', '.so', '.a', '.ll', '.h', '.hxx', '.hpp', '.hh', '.H', '.HXX', '.HPP', '.HH')
configure:3803: $? = 1
configure:3823: checking whether the C compiler works
configure:3845: /home/jsnadeau/emsdk/upstream/emscripten/emcc    conftest.c  >&5
configure:3849: $? = 0
configure:3897: result: yes
configure:3900: checking for C compiler default output file name
configure:3902: result: a.out
configure:3908: checking for suffix of executables
configure:3915: /home/jsnadeau/emsdk/upstream/emscripten/emcc -o conftest    conftest.c  >&5
configure:3919: $? = 0
configure:3941: result: 
configure:3963: checking whether we are cross compiling
configure:3971: /home/jsnadeau/emsdk/upstream/emscripten/emcc -o conftest    conftest.c  >&5
configure:3975: $? = 0
configure:3982: ./conftest
configure:3986: $? = 0
configure:3974: result: no
configure:3979: checking for suffix of object files
configure:4001: /home/jsnadeau/emsdk/upstream/emscripten/emcc -c   conftest.c >&5
configure:4005: $? = 0
configure:4026: result: o
configure:4030: checking whether we are using the GNU C compiler
configure:4049: /home/jsnadeau/emsdk/upstream/emscripten/emcc -c   conftest.c >&5
configure:4049: $? = 0
configure:4058: result: yes
configure:4067: checking whether /home/jsnadeau/emsdk/upstream/emscripten/emcc accepts -g
configure:4087: /home/jsnadeau/emsdk/upstream/emscripten/emcc -c -g  conftest.c >&5
configure:4087: $? = 0
configure:4128: result: yes
configure:4145: checking for /home/jsnadeau/emsdk/upstream/emscripten/emcc option to accept ISO C89
configure:4208: /home/jsnadeau/emsdk/upstream/emscripten/emcc  -c -g -O2  conftest.c >&5
configure:4208: $? = 0
configure:4221: result: none needed
configure:4246: checking whether /home/jsnadeau/emsdk/upstream/emscripten/emcc understands -c and -o together
configure:4268: /home/jsnadeau/emsdk/upstream/emscripten/emcc -c conftest.c -o conftest2.o
configure:4271: $? = 0
configure:4268: /home/jsnadeau/emsdk/upstream/emscripten/emcc -c conftest.c -o conftest2.o
configure:4271: $? = 0
configure:4283: result: yes
configure:4302: checking dependency style of /home/jsnadeau/emsdk/upstream/emscripten/emcc
configure:4413: result: gcc3
configure:4531: checking the archiver (/home/jsnadeau/emsdk/upstream/emscripten/emar) interface
configure:4547: /home/jsnadeau/emsdk/upstream/emscripten/emcc -c -g -O2  conftest.c >&5
configure:4547: $? = 0
configure:4549: /home/jsnadeau/emsdk/upstream/emscripten/emar cru libconftest.a conftest.o >&5
configure:4552: $? = 0
configure:4551: result: ar
configure:4636: checking for gcc
configure:4663: result: /home/jsnadeau/emsdk/upstream/emscripten/emcc
configure:4892: checking for C compiler version
configure:4901: /home/jsnadeau/emsdk/upstream/emscripten/emcc --version >&5
emcc (Emscripten gcc/clang-like replacement) 1.39.5 (commit 98ad15a3d7433bbf9b8e582473b79423d5e1187e)
Copyright (C) 2014 the Emscripten authors (see AUTHORS.txt)
This is free and open source software under the MIT license.
There is NO warranty; not even for MERCHANTABILITY or FITNESS FOR A PARTICULAR PURPOSE.
  
configure:4912: $? = 0
configure:4901: /home/jsnadeau/emsdk/upstream/emscripten/emcc -v >&5
emcc (Emscripten gcc/clang-like replacement + linker emulating GNU ld) 1.39.5
clang version 10.0.0 (/b/s/w/ir/cache/git/chromium.googlesource.com-external-github.com-llvm-llvm--project be2b7ea89ab43d6827634fbdbbd2661e1f242527)
Target: x86_64-unknown-linux-gnu
Thread model: posix
InstalledDir: /home/jsnadeau/emsdk/upstream/bin
Found candidate GCC installation: /usr/lib/gcc/i686-linux-gnu/8
Found candidate GCC installation: /usr/lib/gcc/x86_64-linux-gnu/8
Selected GCC installation: /usr/lib/gcc/x86_64-linux-gnu/8
Candidate multilib: .;@m64
Selected multilib: .;@m64
... rest of stderr output deleted ...
configure:4912: $? = 0
configure:4901: /home/jsnadeau/emsdk/upstream/emscripten/emcc -V >&5
shared:ERROR: no input files
note that input files without a known suffix are ignored, make sure your input files end with one of: ('.c', '.C', '.i', '.cpp', '.cxx', '.cc', '.c++', '.CPP', '.CXX', '.CC', '.C++', '.ii', '.m', '.mi', '.mm', '.mii', '/dev/null', '.bc', '.o', '.obj', '.lo', '.dylib', '.so', '.a', '.ll', '.h', '.hxx', '.hpp', '.hh', '.H', '.HXX', '.HPP', '.HH')
configure:4912: $? = 1
configure:4901: /home/jsnadeau/emsdk/upstream/emscripten/emcc -qversion >&5
shared:ERROR: no input files
note that input files without a known suffix are ignored, make sure your input files end with one of: ('.c', '.C', '.i', '.cpp', '.cxx', '.cc', '.c++', '.CPP', '.CXX', '.CC', '.C++', '.ii', '.m', '.mi', '.mm', '.mii', '/dev/null', '.bc', '.o', '.obj', '.lo', '.dylib', '.so', '.a', '.ll', '.h', '.hxx', '.hpp', '.hh', '.H', '.HXX', '.HPP', '.HH')
configure:4912: $? = 1
configure:4916: checking whether we are using the GNU C compiler
configure:4944: result: yes
configure:4953: checking whether /home/jsnadeau/emsdk/upstream/emscripten/emcc accepts -g
configure:5014: result: yes
configure:5031: checking for /home/jsnadeau/emsdk/upstream/emscripten/emcc option to accept ISO C89
configure:5107: result: none needed
configure:5132: checking whether /home/jsnadeau/emsdk/upstream/emscripten/emcc understands -c and -o together
configure:5169: result: yes
configure:5188: checking dependency style of /home/jsnadeau/emsdk/upstream/emscripten/emcc
configure:5299: result: gcc3
configure:5426: checking for C++ compiler version
configure:5435: /home/jsnadeau/emsdk/upstream/emscripten/em++ --version >&5
emcc (Emscripten gcc/clang-like replacement) 1.39.5 (commit 98ad15a3d7433bbf9b8e582473b79423d5e1187e)
Copyright (C) 2014 the Emscripten authors (see AUTHORS.txt)
This is free and open source software under the MIT license.
There is NO warranty; not even for MERCHANTABILITY or FITNESS FOR A PARTICULAR PURPOSE.
  
configure:5446: $? = 0
configure:5435: /home/jsnadeau/emsdk/upstream/emscripten/em++ -v >&5
emcc (Emscripten gcc/clang-like replacement + linker emulating GNU ld) 1.39.5
clang version 10.0.0 (/b/s/w/ir/cache/git/chromium.googlesource.com-external-github.com-llvm-llvm--project be2b7ea89ab43d6827634fbdbbd2661e1f242527)
Target: x86_64-unknown-linux-gnu
Thread model: posix
InstalledDir: /home/jsnadeau/emsdk/upstream/bin
Found candidate GCC installation: /usr/lib/gcc/i686-linux-gnu/8
Found candidate GCC installation: /usr/lib/gcc/x86_64-linux-gnu/8
Selected GCC installation: /usr/lib/gcc/x86_64-linux-gnu/8
Candidate multilib: .;@m64
Selected multilib: .;@m64
... rest of stderr output deleted ...
configure:5446: $? = 0
configure:5435: /home/jsnadeau/emsdk/upstream/emscripten/em++ -V >&5
shared:ERROR: no input files
note that input files without a known suffix are ignored, make sure your input files end with one of: ('.c', '.C', '.i', '.cpp', '.cxx', '.cc', '.c++', '.CPP', '.CXX', '.CC', '.C++', '.ii', '.m', '.mi', '.mm', '.mii', '/dev/null', '.bc', '.o', '.obj', '.lo', '.dylib', '.so', '.a', '.ll', '.h', '.hxx', '.hpp', '.hh', '.H', '.HXX', '.HPP', '.HH')
configure:5446: $? = 1
configure:5435: /home/jsnadeau/emsdk/upstream/emscripten/em++ -qversion >&5
shared:ERROR: no input files
note that input files without a known suffix are ignored, make sure your input files end with one of: ('.c', '.C', '.i', '.cpp', '.cxx', '.cc', '.c++', '.CPP', '.CXX', '.CC', '.C++', '.ii', '.m', '.mi', '.mm', '.mii', '/dev/null', '.bc', '.o', '.obj', '.lo', '.dylib', '.so', '.a', '.ll', '.h', '.hxx', '.hpp', '.hh', '.H', '.HXX', '.HPP', '.HH')
configure:5446: $? = 1
configure:5450: checking whether we are using the GNU C++ compiler
configure:5469: /home/jsnadeau/emsdk/upstream/emscripten/em++ -c   conftest.cpp >&5
configure:5469: $? = 0
configure:5478: result: yes
configure:5487: checking whether /home/jsnadeau/emsdk/upstream/emscripten/em++ accepts -g
configure:5507: /home/jsnadeau/emsdk/upstream/emscripten/em++ -c -g  conftest.cpp >&5
configure:5507: $? = 0
configure:5548: result: yes
configure:5573: checking dependency style of /home/jsnadeau/emsdk/upstream/emscripten/em++
configure:5684: result: gcc3
configure:5743: /home/jsnadeau/emsdk/upstream/emscripten/em++ -c -O2  conftest.cpp >&5
configure:5743: $? = 0
configure:5762: checking how to run the C preprocessor
configure:5793: /home/jsnadeau/emsdk/upstream/emscripten/emcc -E  conftest.c
configure:5793: $? = 0
configure:5807: /home/jsnadeau/emsdk/upstream/emscripten/emcc -E  conftest.c
conftest.c:11:10: fatal error: 'ac_nonexistent.h' file not found
#include <ac_nonexistent.h>
         ^~~~~~~~~~~~~~~~~~
1 error generated.
configure:5807: $? = 1
configure: failed program was:
| /* confdefs.h */
| #define PACKAGE_NAME "PCRE"
| #define PACKAGE_TARNAME "pcre"
| #define PACKAGE_VERSION "8.43"
| #define PACKAGE_STRING "PCRE 8.43"
| #define PACKAGE_BUGREPORT ""
| #define PACKAGE_URL ""
| #define PACKAGE "pcre"
| #define VERSION "8.43"
| /* end confdefs.h.  */
| #include <ac_nonexistent.h>
configure:5832: result: /home/jsnadeau/emsdk/upstream/emscripten/emcc -E
configure:5852: /home/jsnadeau/emsdk/upstream/emscripten/emcc -E  conftest.c
configure:5852: $? = 0
configure:5866: /home/jsnadeau/emsdk/upstream/emscripten/emcc -E  conftest.c
conftest.c:11:10: fatal error: 'ac_nonexistent.h' file not found
#include <ac_nonexistent.h>
         ^~~~~~~~~~~~~~~~~~
1 error generated.
configure:5866: $? = 1
configure: failed program was:
| /* confdefs.h */
| #define PACKAGE_NAME "PCRE"
| #define PACKAGE_TARNAME "pcre"
| #define PACKAGE_VERSION "8.43"
| #define PACKAGE_STRING "PCRE 8.43"
| #define PACKAGE_BUGREPORT ""
| #define PACKAGE_URL ""
| #define PACKAGE "pcre"
| #define VERSION "8.43"
| /* end confdefs.h.  */
| #include <ac_nonexistent.h>
configure:5895: checking for grep that handles long lines and -e
configure:5953: result: /usr/bin/grep
configure:5958: checking for egrep
configure:6020: result: /usr/bin/grep -E
configure:6025: checking for ANSI C header files
configure:6045: /home/jsnadeau/emsdk/upstream/emscripten/emcc -c -g -O2  conftest.c >&5
configure:6045: $? = 0
configure:6118: /home/jsnadeau/emsdk/upstream/emscripten/emcc -o conftest -g -O2   conftest.c  >&5
configure:6118: $? = 0
configure:6118: ./conftest
configure:6118: $? = 0
configure:6129: result: yes
configure:6142: checking for sys/types.h
configure:6142: /home/jsnadeau/emsdk/upstream/emscripten/emcc -c -g -O2  conftest.c >&5
configure:6142: $? = 0
configure:6142: result: yes
configure:6142: checking for sys/stat.h
configure:6142: /home/jsnadeau/emsdk/upstream/emscripten/emcc -c -g -O2  conftest.c >&5
configure:6142: $? = 0
configure:6142: result: yes
configure:6142: checking for stdlib.h
configure:6142: /home/jsnadeau/emsdk/upstream/emscripten/emcc -c -g -O2  conftest.c >&5
configure:6142: $? = 0
configure:6142: result: yes
configure:6142: checking for string.h
configure:6142: /home/jsnadeau/emsdk/upstream/emscripten/emcc -c -g -O2  conftest.c >&5
configure:6142: $? = 0
configure:6142: result: yes
configure:6142: checking for memory.h
configure:6142: /home/jsnadeau/emsdk/upstream/emscripten/emcc -c -g -O2  conftest.c >&5
configure:6142: $? = 0
configure:6142: result: yes
configure:6142: checking for strings.h
configure:6142: /home/jsnadeau/emsdk/upstream/emscripten/emcc -c -g -O2  conftest.c >&5
configure:6142: $? = 0
configure:6142: result: yes
configure:6142: checking for inttypes.h
configure:6142: /home/jsnadeau/emsdk/upstream/emscripten/emcc -c -g -O2  conftest.c >&5
configure:6142: $? = 0
configure:6142: result: yes
configure:6142: checking for stdint.h
configure:6142: /home/jsnadeau/emsdk/upstream/emscripten/emcc -c -g -O2  conftest.c >&5
configure:6142: $? = 0
configure:6142: result: yes
configure:6142: checking for unistd.h
configure:6142: /home/jsnadeau/emsdk/upstream/emscripten/emcc -c -g -O2  conftest.c >&5
configure:6142: $? = 0
configure:6142: result: yes
configure:6154: checking for int64_t
configure:6154: /home/jsnadeau/emsdk/upstream/emscripten/emcc -c -g -O2  conftest.c >&5
configure:6154: $? = 0
configure:6154: /home/jsnadeau/emsdk/upstream/emscripten/emcc -c -g -O2  conftest.c >&5
conftest.c:59:53: warning: overflow in expression; result is -9223372036854775808 with type 'long long' [-Winteger-overflow]
                 < (int64_t) (((((int64_t) 1 << N) << N) - 1) * 2 + 2))];
                                                                  ^
conftest.c:58:24: error: 'test_array' declared as an array with a negative size
static int test_array [1 - 2 * !((int64_t) (((((int64_t) 1 << N) << N) - 1) * 2 + 1)
                       ^~~~~~~~~~~~~~~~~~~~~~~~~~~~~~~~~~~~~~~~~~~~~~~~~~~~~~~~~~~~~
1 warning and 1 error generated.
shared:ERROR: '/home/jsnadeau/emsdk/upstream/bin/clang -target wasm32-unknown-emscripten -D__EMSCRIPTEN_major__=1 -D__EMSCRIPTEN_minor__=39 -D__EMSCRIPTEN_tiny__=5 -D_LIBCPP_ABI_VERSION=2 -Dunix -D__unix -D__unix__ -Werror=implicit-function-declaration -Xclang -nostdsysteminc -Xclang -isystem/home/jsnadeau/emsdk/upstream/emscripten/system/include/libcxx -Xclang -isystem/home/jsnadeau/emsdk/upstream/emscripten/system/lib/libcxxabi/include -Xclang -isystem/home/jsnadeau/emsdk/upstream/emscripten/system/include/compat -Xclang -isystem/home/jsnadeau/emsdk/upstream/emscripten/system/include -Xclang -isystem/home/jsnadeau/emsdk/upstream/emscripten/system/include/libc -Xclang -isystem/home/jsnadeau/emsdk/upstream/emscripten/system/lib/libc/musl/arch/emscripten -Xclang -isystem/home/jsnadeau/emsdk/upstream/emscripten/system/local/include -Xclang -isystem/home/jsnadeau/.emscripten_cache/wasm-obj/include -c -gline-tables-only -O2 -DEMSCRIPTEN conftest.c -Xclang -isystem/home/jsnadeau/emsdk/upstream/emscripten/system/include/SDL -c -o conftest.o -mllvm -combiner-global-alias-analysis=false -mllvm -enable-emscripten-sjlj -mllvm -disable-lsr' failed (1)
configure:6154: $? = 1
configure: failed program was:
| /* confdefs.h */
| #define PACKAGE_NAME "PCRE"
| #define PACKAGE_TARNAME "pcre"
| #define PACKAGE_VERSION "8.43"
| #define PACKAGE_STRING "PCRE 8.43"
| #define PACKAGE_BUGREPORT ""
| #define PACKAGE_URL ""
| #define PACKAGE "pcre"
| #define VERSION "8.43"
| #define STDC_HEADERS 1
| #define HAVE_SYS_TYPES_H 1
| #define HAVE_SYS_STAT_H 1
| #define HAVE_STDLIB_H 1
| #define HAVE_STRING_H 1
| #define HAVE_MEMORY_H 1
| #define HAVE_STRINGS_H 1
| #define HAVE_INTTYPES_H 1
| #define HAVE_STDINT_H 1
| #define HAVE_UNISTD_H 1
| /* end confdefs.h.  */
| #include <stdio.h>
| #ifdef HAVE_SYS_TYPES_H
| # include <sys/types.h>
| #endif
| #ifdef HAVE_SYS_STAT_H
| # include <sys/stat.h>
| #endif
| #ifdef STDC_HEADERS
| # include <stdlib.h>
| # include <stddef.h>
| #else
| # ifdef HAVE_STDLIB_H
| #  include <stdlib.h>
| # endif
| #endif
| #ifdef HAVE_STRING_H
| # if !defined STDC_HEADERS && defined HAVE_MEMORY_H
| #  include <memory.h>
| # endif
| # include <string.h>
| #endif
| #ifdef HAVE_STRINGS_H
| # include <strings.h>
| #endif
| #ifdef HAVE_INTTYPES_H
| # include <inttypes.h>
| #endif
| #ifdef HAVE_STDINT_H
| # include <stdint.h>
| #endif
| #ifdef HAVE_UNISTD_H
| # include <unistd.h>
| #endif
| 	        enum { N = 64 / 2 - 1 };
| int
| main ()
| {
| static int test_array [1 - 2 * !((int64_t) (((((int64_t) 1 << N) << N) - 1) * 2 + 1)
| 		 < (int64_t) (((((int64_t) 1 << N) << N) - 1) * 2 + 2))];
| test_array [0] = 0;
| return test_array [0];
| 
|   ;
|   return 0;
| }
configure:6154: result: yes
configure:6171: checking build system type
configure:6185: result: x86_64-pc-linux-gnu
configure:6205: checking host system type
configure:6218: result: x86_64-pc-linux-gnu
configure:6587: checking how to print strings
configure:6614: result: printf
configure:6635: checking for a sed that does not truncate output
configure:6699: result: /usr/bin/sed
configure:6717: checking for fgrep
configure:6779: result: /usr/bin/grep -F
configure:6814: checking for ld used by /home/jsnadeau/emsdk/upstream/emscripten/emcc
shared:ERROR: no input files
note that input files without a known suffix are ignored, make sure your input files end with one of: ('.c', '.C', '.i', '.cpp', '.cxx', '.cc', '.c++', '.CPP', '.CXX', '.CC', '.C++', '.ii', '.m', '.mi', '.mm', '.mii', '/dev/null', '.bc', '.o', '.obj', '.lo', '.dylib', '.so', '.a', '.ll', '.h', '.hxx', '.hpp', '.hh', '.H', '.HXX', '.HPP', '.HH')
configure:6881: result: /home/jsnadeau/emsdk/upstream/emscripten/emcc
configure:6888: checking if the linker (/home/jsnadeau/emsdk/upstream/emscripten/emcc) is GNU ld
configure:6903: result: yes
configure:6915: checking for BSD- or MS-compatible name lister (nm)
configure:6969: result: /home/jsnadeau/emsdk/upstream/bin/llvm-nm
configure:7099: checking the name lister (/home/jsnadeau/emsdk/upstream/bin/llvm-nm) interface
configure:7106: /home/jsnadeau/emsdk/upstream/emscripten/emcc -c -g -O2  conftest.c >&5
configure:7109: /home/jsnadeau/emsdk/upstream/bin/llvm-nm "conftest.o"
configure:7112: output
00000000 D some_variable
configure:7113: result: BSD nm
configure:7116: checking whether ln -s works
configure:7120: result: yes
configure:7128: checking the maximum length of command line arguments
configure:7259: result: 1572864
configure:7307: checking how to convert x86_64-pc-linux-gnu file names to x86_64-pc-linux-gnu format
configure:7347: result: func_convert_file_noop
configure:7354: checking how to convert x86_64-pc-linux-gnu file names to toolchain format
configure:7374: result: func_convert_file_noop
configure:7381: checking for /home/jsnadeau/emsdk/upstream/emscripten/emcc option to reload object files
configure:7388: result: -r
configure:7462: checking for objdump
configure:7489: result: objdump
configure:7518: checking how to recognize dependent libraries
configure:7718: result: pass_all
configure:7803: checking for dlltool
configure:7830: result: dlltool
configure:7860: checking how to associate runtime and link libraries
configure:7887: result: printf %s\n
configure:8027: checking for archiver @FILE support
configure:8044: /home/jsnadeau/emsdk/upstream/emscripten/emcc -c -g -O2  conftest.c >&5
configure:8044: $? = 0
configure:8047: /home/jsnadeau/emsdk/upstream/emscripten/emar cr libconftest.a @conftest.lst >&5
configure:8050: $? = 0
configure:8055: /home/jsnadeau/emsdk/upstream/emscripten/emar cr libconftest.a @conftest.lst >&5
/home/jsnadeau/emsdk/upstream/bin/llvm-ar: error: conftest.o: No such file or directory
configure:8058: $? = 1
configure:8057: result: @
configure:8115: checking for strip
configure:8131: found /usr/bin/strip
configure:8142: result: strip
configure:8214: checking for ranlib
configure:8241: result: /home/jsnadeau/emsdk/upstream/emscripten/emranlib
configure:8343: checking command to parse /home/jsnadeau/emsdk/upstream/bin/llvm-nm output from /home/jsnadeau/emsdk/upstream/emscripten/emcc object
configure:8496: /home/jsnadeau/emsdk/upstream/emscripten/emcc -c -g -O2  conftest.c >&5
configure:8499: $? = 0
configure:8503: /home/jsnadeau/emsdk/upstream/bin/llvm-nm conftest.o \| sed -n -e 's/^.*[ ]\([BCDEGRST][BCDEGRST]*\)[ ][ ]*\([_A-Za-z][_A-Za-z0-9]*\)$/\1 \2 \2/p' | sed '/ __gnu_lto/d' \> conftest.nm
configure:8506: $? = 0
configure:8572: /home/jsnadeau/emsdk/upstream/emscripten/emcc -o conftest -g -O2   conftest.c conftstm.o >&5
configure:8575: $? = 0
configure:8613: result: ok
configure:8660: checking for sysroot
configure:8690: result: no
configure:8697: checking for a working dd
configure:8735: result: /usr/bin/dd
configure:8739: checking how to truncate binary pipes
configure:8754: result: /usr/bin/dd bs=4096 count=1
configure:8890: /home/jsnadeau/emsdk/upstream/emscripten/emcc -c -g -O2  conftest.c >&5
configure:8893: $? = 0
configure:9083: checking for mt
configure:9099: found /usr/bin/mt
configure:9110: result: mt
configure:9133: checking if mt is a manifest tool
configure:9139: mt '-?'
configure:9147: result: no
configure:9821: checking for dlfcn.h
configure:9821: /home/jsnadeau/emsdk/upstream/emscripten/emcc -c -g -O2  conftest.c >&5
configure:9821: $? = 0
configure:9821: result: yes
configure:10085: checking for objdir
configure:10100: result: .libs
configure:10364: checking if /home/jsnadeau/emsdk/upstream/emscripten/emcc supports -fno-rtti -fno-exceptions
configure:10382: /home/jsnadeau/emsdk/upstream/emscripten/emcc -c -g -O2  -fno-rtti -fno-exceptions conftest.c >&5
configure:10386: $? = 0
configure:10399: result: yes
configure:10757: checking for /home/jsnadeau/emsdk/upstream/emscripten/emcc option to produce PIC
configure:10764: result: -fPIC -DPIC
configure:10772: checking if /home/jsnadeau/emsdk/upstream/emscripten/emcc PIC flag -fPIC -DPIC works
configure:10790: /home/jsnadeau/emsdk/upstream/emscripten/emcc -c -g -O2  -fPIC -DPIC -DPIC conftest.c >&5
configure:10794: $? = 0
configure:10807: result: yes
configure:10836: checking if /home/jsnadeau/emsdk/upstream/emscripten/emcc static flag -static works
configure:10864: result: yes
configure:10879: checking if /home/jsnadeau/emsdk/upstream/emscripten/emcc supports -c -o file.o
configure:10900: /home/jsnadeau/emsdk/upstream/emscripten/emcc -c -g -O2  -o out/conftest2.o conftest.c >&5
configure:10904: $? = 0
configure:10926: result: yes
configure:10934: checking if /home/jsnadeau/emsdk/upstream/emscripten/emcc supports -c -o file.o
configure:10981: result: yes
configure:11014: checking whether the /home/jsnadeau/emsdk/upstream/emscripten/emcc linker (/home/jsnadeau/emsdk/upstream/emscripten/emcc) supports shared libraries
configure:12275: result: yes
configure:12312: checking whether -lc should be explicitly linked in
configure:12320: /home/jsnadeau/emsdk/upstream/emscripten/emcc -c -g -O2  conftest.c >&5
configure:12323: $? = 0
configure:12338: /home/jsnadeau/emsdk/upstream/emscripten/emcc -shared  -fPIC -DPIC conftest.o  -v -Wl,-soname -Wl,conftest -o conftest 2\>\&1 \| /usr/bin/grep  -lc  \>/dev/null 2\>\&1
configure:12341: $? = 1
configure:12355: result: yes
configure:12515: checking dynamic linker characteristics
configure:13096: /home/jsnadeau/emsdk/upstream/emscripten/emcc -o conftest -g -O2   -Wl,-rpath -Wl,/foo conftest.c  >&5
shared:WARNING: ignoring unsupported linker flag: `-rpath`
shared:WARNING: ignoring unsupported linker flag: `/foo`
configure:13096: $? = 0
configure:13333: result: GNU/Linux ld.so
configure:13455: checking how to hardcode library paths into programs
configure:13480: result: immediate
configure:14028: checking whether stripping libraries is possible
configure:14037: result: yes
configure:14079: checking if libtool supports shared libraries
configure:14081: result: yes
configure:14084: checking whether to build shared libraries
configure:14109: result: yes
configure:14112: checking whether to build static libraries
configure:14116: result: yes
configure:10918: checking how to run the C++ preprocessor
configure:10945: /home/jsnadeau/emsdk/upstream/emscripten/em++ -E  conftest.cpp
configure:10945: $? = 0
configure:10959: /home/jsnadeau/emsdk/upstream/emscripten/em++ -E  conftest.cpp
conftest.cpp:23:10: fatal error: 'ac_nonexistent.h' file not found
#include <ac_nonexistent.h>
         ^~~~~~~~~~~~~~~~~~
1 error generated.
configure:10959: $? = 1
configure: failed program was:
| /* confdefs.h */
| #define PACKAGE_NAME "PCRE"
| #define PACKAGE_TARNAME "pcre"
| #define PACKAGE_VERSION "8.43"
| #define PACKAGE_STRING "PCRE 8.43"
| #define PACKAGE_BUGREPORT ""
| #define PACKAGE_URL ""
| #define PACKAGE "pcre"
| #define VERSION "8.43"
| #define STDC_HEADERS 1
| #define HAVE_SYS_TYPES_H 1
| #define HAVE_SYS_STAT_H 1
| #define HAVE_STDLIB_H 1
| #define HAVE_STRING_H 1
| #define HAVE_MEMORY_H 1
| #define HAVE_STRINGS_H 1
| #define HAVE_INTTYPES_H 1
| #define HAVE_STDINT_H 1
| #define HAVE_UNISTD_H 1
| #define HAVE_DLFCN_H 1
| #define LT_OBJDIR ".libs/"
| /* end confdefs.h.  */
| #include <ac_nonexistent.h>
configure:10984: result: /home/jsnadeau/emsdk/upstream/emscripten/em++ -E
configure:11004: /home/jsnadeau/emsdk/upstream/emscripten/em++ -E  conftest.cpp
configure:11004: $? = 0
configure:11018: /home/jsnadeau/emsdk/upstream/emscripten/em++ -E  conftest.cpp
conftest.cpp:23:10: fatal error: 'ac_nonexistent.h' file not found
#include <ac_nonexistent.h>
         ^~~~~~~~~~~~~~~~~~
1 error generated.
configure:11018: $? = 1
configure: failed program was:
| /* confdefs.h */
| #define PACKAGE_NAME "PCRE"
| #define PACKAGE_TARNAME "pcre"
| #define PACKAGE_VERSION "8.43"
| #define PACKAGE_STRING "PCRE 8.43"
| #define PACKAGE_BUGREPORT ""
| #define PACKAGE_URL ""
| #define PACKAGE "pcre"
| #define VERSION "8.43"
| #define STDC_HEADERS 1
| #define HAVE_SYS_TYPES_H 1
| #define HAVE_SYS_STAT_H 1
| #define HAVE_STDLIB_H 1
| #define HAVE_STRING_H 1
| #define HAVE_MEMORY_H 1
| #define HAVE_STRINGS_H 1
| #define HAVE_INTTYPES_H 1
| #define HAVE_STDINT_H 1
| #define HAVE_UNISTD_H 1
| #define HAVE_DLFCN_H 1
| #define LT_OBJDIR ".libs/"
| /* end confdefs.h.  */
| #include <ac_nonexistent.h>
configure:11180: checking for ld used by /home/jsnadeau/emsdk/upstream/emscripten/em++
shared:ERROR: no input files
note that input files without a known suffix are ignored, make sure your input files end with one of: ('.c', '.C', '.i', '.cpp', '.cxx', '.cc', '.c++', '.CPP', '.CXX', '.CC', '.C++', '.ii', '.m', '.mi', '.mm', '.mii', '/dev/null', '.bc', '.o', '.obj', '.lo', '.dylib', '.so', '.a', '.ll', '.h', '.hxx', '.hpp', '.hh', '.H', '.HXX', '.HPP', '.HH')
configure:11247: result: /home/jsnadeau/emsdk/upstream/emscripten/emcc
configure:11254: checking if the linker (/home/jsnadeau/emsdk/upstream/emscripten/emcc) is GNU ld
configure:11269: result: yes
configure:11324: checking whether the /home/jsnadeau/emsdk/upstream/emscripten/em++ linker (/home/jsnadeau/emsdk/upstream/emscripten/emcc) supports shared libraries
configure:12398: result: yes
configure:12434: /home/jsnadeau/emsdk/upstream/emscripten/em++ -c -O2  conftest.cpp >&5
configure:12437: $? = 0
configure:12918: checking for /home/jsnadeau/emsdk/upstream/emscripten/em++ option to produce PIC
configure:12925: result: -fPIC -DPIC
configure:12933: checking if /home/jsnadeau/emsdk/upstream/emscripten/em++ PIC flag -fPIC -DPIC works
configure:12951: /home/jsnadeau/emsdk/upstream/emscripten/em++ -c -O2  -fPIC -DPIC -DPIC conftest.cpp >&5
configure:12955: $? = 0
configure:12968: result: yes
configure:12991: checking if /home/jsnadeau/emsdk/upstream/emscripten/em++ static flag -static works
configure:13019: result: yes
configure:13031: checking if /home/jsnadeau/emsdk/upstream/emscripten/em++ supports -c -o file.o
configure:13052: /home/jsnadeau/emsdk/upstream/emscripten/em++ -c -O2  -o out/conftest2.o conftest.cpp >&5
configure:13056: $? = 0
configure:13078: result: yes
configure:13083: checking if /home/jsnadeau/emsdk/upstream/emscripten/em++ supports -c -o file.o
configure:13130: result: yes
configure:13160: checking whether the /home/jsnadeau/emsdk/upstream/emscripten/em++ linker (/home/jsnadeau/emsdk/upstream/emscripten/emcc) supports shared libraries
configure:13200: result: yes
configure:13341: checking dynamic linker characteristics
configure:14086: result: GNU/Linux ld.so
configure:14151: checking how to hardcode library paths into programs
configure:14176: result: immediate
configure:13083: checking whether ln -s works
configure:13087: result: yes
configure:13103: checking whether the -Werror option is usable
configure:13122: /home/jsnadeau/emsdk/upstream/emscripten/emcc -c -g -O2 -Werror  conftest.c >&5
configure:13122: $? = 0
configure:13131: result: yes
configure:13133: checking for simple visibility declarations
configure:13160: /home/jsnadeau/emsdk/upstream/emscripten/emcc -c -g -O2 -fvisibility=hidden -Werror  conftest.c >&5
configure:13160: $? = 0
configure:13169: result: yes
configure:13664: checking for ANSI C header files
configure:13768: result: yes
configure:13779: checking limits.h usability
configure:13779: /home/jsnadeau/emsdk/upstream/emscripten/emcc -c -g -O2  conftest.c >&5
configure:13779: $? = 0
configure:13779: result: yes
configure:13779: checking limits.h presence
configure:13779: /home/jsnadeau/emsdk/upstream/emscripten/emcc -E  conftest.c
configure:13779: $? = 0
configure:13779: result: yes
configure:13779: checking for limits.h
configure:13779: result: yes
configure:13779: checking for sys/types.h
configure:13779: result: yes
configure:13779: checking for sys/stat.h
configure:13779: result: yes
configure:13779: checking dirent.h usability
configure:13779: /home/jsnadeau/emsdk/upstream/emscripten/emcc -c -g -O2  conftest.c >&5
configure:13779: $? = 0
configure:13779: result: yes
configure:13779: checking dirent.h presence
configure:13779: /home/jsnadeau/emsdk/upstream/emscripten/emcc -E  conftest.c
configure:13779: $? = 0
configure:13779: result: yes
configure:13779: checking for dirent.h
configure:13779: result: yes
configure:13791: checking windows.h usability
configure:13791: /home/jsnadeau/emsdk/upstream/emscripten/emcc -c -g -O2  conftest.c >&5
conftest.c:69:10: fatal error: 'windows.h' file not found
#include <windows.h>
         ^~~~~~~~~~~
1 error generated.
shared:ERROR: '/home/jsnadeau/emsdk/upstream/bin/clang -target wasm32-unknown-emscripten -D__EMSCRIPTEN_major__=1 -D__EMSCRIPTEN_minor__=39 -D__EMSCRIPTEN_tiny__=5 -D_LIBCPP_ABI_VERSION=2 -Dunix -D__unix -D__unix__ -Werror=implicit-function-declaration -Xclang -nostdsysteminc -Xclang -isystem/home/jsnadeau/emsdk/upstream/emscripten/system/include/libcxx -Xclang -isystem/home/jsnadeau/emsdk/upstream/emscripten/system/lib/libcxxabi/include -Xclang -isystem/home/jsnadeau/emsdk/upstream/emscripten/system/include/compat -Xclang -isystem/home/jsnadeau/emsdk/upstream/emscripten/system/include -Xclang -isystem/home/jsnadeau/emsdk/upstream/emscripten/system/include/libc -Xclang -isystem/home/jsnadeau/emsdk/upstream/emscripten/system/lib/libc/musl/arch/emscripten -Xclang -isystem/home/jsnadeau/emsdk/upstream/emscripten/system/local/include -Xclang -isystem/home/jsnadeau/.emscripten_cache/wasm-obj/include -c -gline-tables-only -O2 -DEMSCRIPTEN conftest.c -Xclang -isystem/home/jsnadeau/emsdk/upstream/emscripten/system/include/SDL -c -o conftest.o -mllvm -combiner-global-alias-analysis=false -mllvm -enable-emscripten-sjlj -mllvm -disable-lsr' failed (1)
configure:13791: $? = 1
configure: failed program was:
| /* confdefs.h */
| #define PACKAGE_NAME "PCRE"
| #define PACKAGE_TARNAME "pcre"
| #define PACKAGE_VERSION "8.43"
| #define PACKAGE_STRING "PCRE 8.43"
| #define PACKAGE_BUGREPORT ""
| #define PACKAGE_URL ""
| #define PACKAGE "pcre"
| #define VERSION "8.43"
| #define STDC_HEADERS 1
| #define HAVE_SYS_TYPES_H 1
| #define HAVE_SYS_STAT_H 1
| #define HAVE_STDLIB_H 1
| #define HAVE_STRING_H 1
| #define HAVE_MEMORY_H 1
| #define HAVE_STRINGS_H 1
| #define HAVE_INTTYPES_H 1
| #define HAVE_STDINT_H 1
| #define HAVE_UNISTD_H 1
| #define HAVE_DLFCN_H 1
| #define LT_OBJDIR ".libs/"
| #define PCRE_EXP_DECL extern __attribute__ ((visibility ("default")))
| #define PCRE_EXP_DEFN __attribute__ ((visibility ("default")))
| #define PCRE_EXP_DATA_DEFN __attribute__ ((visibility ("default")))
| #define PCREPOSIX_EXP_DECL extern __attribute__ ((visibility ("default")))
| #define PCREPOSIX_EXP_DEFN extern __attribute__ ((visibility ("default")))
| #define PCRECPP_EXP_DECL extern __attribute__ ((visibility ("default")))
| #define PCRECPP_EXP_DEFN __attribute__ ((visibility ("default")))
| #define HAVE_VISIBILITY 1
| #define STDC_HEADERS 1
| #define HAVE_LIMITS_H 1
| #define HAVE_SYS_TYPES_H 1
| #define HAVE_SYS_STAT_H 1
| #define HAVE_DIRENT_H 1
| /* end confdefs.h.  */
| #include <stdio.h>
| #ifdef HAVE_SYS_TYPES_H
| # include <sys/types.h>
| #endif
| #ifdef HAVE_SYS_STAT_H
| # include <sys/stat.h>
| #endif
| #ifdef STDC_HEADERS
| # include <stdlib.h>
| # include <stddef.h>
| #else
| # ifdef HAVE_STDLIB_H
| #  include <stdlib.h>
| # endif
| #endif
| #ifdef HAVE_STRING_H
| # if !defined STDC_HEADERS && defined HAVE_MEMORY_H
| #  include <memory.h>
| # endif
| # include <string.h>
| #endif
| #ifdef HAVE_STRINGS_H
| # include <strings.h>
| #endif
| #ifdef HAVE_INTTYPES_H
| # include <inttypes.h>
| #endif
| #ifdef HAVE_STDINT_H
| # include <stdint.h>
| #endif
| #ifdef HAVE_UNISTD_H
| # include <unistd.h>
| #endif
| #include <windows.h>
configure:13791: result: no
configure:13791: checking windows.h presence
configure:13791: /home/jsnadeau/emsdk/upstream/emscripten/emcc -E  conftest.c
conftest.c:36:10: fatal error: 'windows.h' file not found
#include <windows.h>
         ^~~~~~~~~~~
1 error generated.
configure:13791: $? = 1
configure: failed program was:
| /* confdefs.h */
| #define PACKAGE_NAME "PCRE"
| #define PACKAGE_TARNAME "pcre"
| #define PACKAGE_VERSION "8.43"
| #define PACKAGE_STRING "PCRE 8.43"
| #define PACKAGE_BUGREPORT ""
| #define PACKAGE_URL ""
| #define PACKAGE "pcre"
| #define VERSION "8.43"
| #define STDC_HEADERS 1
| #define HAVE_SYS_TYPES_H 1
| #define HAVE_SYS_STAT_H 1
| #define HAVE_STDLIB_H 1
| #define HAVE_STRING_H 1
| #define HAVE_MEMORY_H 1
| #define HAVE_STRINGS_H 1
| #define HAVE_INTTYPES_H 1
| #define HAVE_STDINT_H 1
| #define HAVE_UNISTD_H 1
| #define HAVE_DLFCN_H 1
| #define LT_OBJDIR ".libs/"
| #define PCRE_EXP_DECL extern __attribute__ ((visibility ("default")))
| #define PCRE_EXP_DEFN __attribute__ ((visibility ("default")))
| #define PCRE_EXP_DATA_DEFN __attribute__ ((visibility ("default")))
| #define PCREPOSIX_EXP_DECL extern __attribute__ ((visibility ("default")))
| #define PCREPOSIX_EXP_DEFN extern __attribute__ ((visibility ("default")))
| #define PCRECPP_EXP_DECL extern __attribute__ ((visibility ("default")))
| #define PCRECPP_EXP_DEFN __attribute__ ((visibility ("default")))
| #define HAVE_VISIBILITY 1
| #define STDC_HEADERS 1
| #define HAVE_LIMITS_H 1
| #define HAVE_SYS_TYPES_H 1
| #define HAVE_SYS_STAT_H 1
| #define HAVE_DIRENT_H 1
| /* end confdefs.h.  */
| #include <windows.h>
configure:13791: result: no
configure:13791: checking for windows.h
configure:13791: result: no
configure:13827: checking for alias support in the linker
configure:13846: /home/jsnadeau/emsdk/upstream/emscripten/em++ -o conftest -O2   -Wl,-alias,__ZN7pcrecpp2RE6no_argE,__ZN7pcrecpp6no_argE conftest.cpp  >&5
shared:WARNING: ignoring unsupported linker flag: `-alias`
shared:WARNING: ignoring unsupported linker flag: `__ZN7pcrecpp2RE6no_argE`
shared:WARNING: ignoring unsupported linker flag: `__ZN7pcrecpp6no_argE`
configure:13846: $? = 0
configure:13847: result: yes
configure:13866: checking string usability
configure:13866: /home/jsnadeau/emsdk/upstream/emscripten/em++ -c -O2  conftest.cpp >&5
configure:13866: $? = 0
configure:13866: result: yes
configure:13866: checking string presence
configure:13866: /home/jsnadeau/emsdk/upstream/emscripten/em++ -E  conftest.cpp
configure:13866: $? = 0
configure:13866: result: yes
configure:13866: checking for string
configure:13866: result: yes
configure:13880: checking bits/type_traits.h usability
configure:13880: /home/jsnadeau/emsdk/upstream/emscripten/em++ -c -O2  conftest.cpp >&5
conftest.cpp:70:10: fatal error: 'bits/type_traits.h' file not found
#include <bits/type_traits.h>
         ^~~~~~~~~~~~~~~~~~~~
1 error generated.
shared:ERROR: '/home/jsnadeau/emsdk/upstream/bin/clang++ -target wasm32-unknown-emscripten -D__EMSCRIPTEN_major__=1 -D__EMSCRIPTEN_minor__=39 -D__EMSCRIPTEN_tiny__=5 -D_LIBCPP_ABI_VERSION=2 -Dunix -D__unix -D__unix__ -Werror=implicit-function-declaration -Xclang -nostdsysteminc -Xclang -isystem/home/jsnadeau/emsdk/upstream/emscripten/system/include/libcxx -Xclang -isystem/home/jsnadeau/emsdk/upstream/emscripten/system/lib/libcxxabi/include -Xclang -isystem/home/jsnadeau/emsdk/upstream/emscripten/system/include/compat -Xclang -isystem/home/jsnadeau/emsdk/upstream/emscripten/system/include -Xclang -isystem/home/jsnadeau/emsdk/upstream/emscripten/system/include/libc -Xclang -isystem/home/jsnadeau/emsdk/upstream/emscripten/system/lib/libc/musl/arch/emscripten -Xclang -isystem/home/jsnadeau/emsdk/upstream/emscripten/system/local/include -Xclang -isystem/home/jsnadeau/.emscripten_cache/wasm-obj/include -c -O2 -std=c++03 -DEMSCRIPTEN conftest.cpp -Xclang -isystem/home/jsnadeau/emsdk/upstream/emscripten/system/include/SDL -c -o conftest.o -mllvm -combiner-global-alias-analysis=false -mllvm -enable-emscripten-sjlj -mllvm -disable-lsr' failed (1)
configure:13880: $? = 1
configure: failed program was:
| /* confdefs.h */
| #define PACKAGE_NAME "PCRE"
| #define PACKAGE_TARNAME "pcre"
| #define PACKAGE_VERSION "8.43"
| #define PACKAGE_STRING "PCRE 8.43"
| #define PACKAGE_BUGREPORT ""
| #define PACKAGE_URL ""
| #define PACKAGE "pcre"
| #define VERSION "8.43"
| #define STDC_HEADERS 1
| #define HAVE_SYS_TYPES_H 1
| #define HAVE_SYS_STAT_H 1
| #define HAVE_STDLIB_H 1
| #define HAVE_STRING_H 1
| #define HAVE_MEMORY_H 1
| #define HAVE_STRINGS_H 1
| #define HAVE_INTTYPES_H 1
| #define HAVE_STDINT_H 1
| #define HAVE_UNISTD_H 1
| #define HAVE_DLFCN_H 1
| #define LT_OBJDIR ".libs/"
| #define PCRE_EXP_DECL extern __attribute__ ((visibility ("default")))
| #define PCRE_EXP_DEFN __attribute__ ((visibility ("default")))
| #define PCRE_EXP_DATA_DEFN __attribute__ ((visibility ("default")))
| #define PCREPOSIX_EXP_DECL extern __attribute__ ((visibility ("default")))
| #define PCREPOSIX_EXP_DEFN extern __attribute__ ((visibility ("default")))
| #define PCRECPP_EXP_DECL extern __attribute__ ((visibility ("default")))
| #define PCRECPP_EXP_DEFN __attribute__ ((visibility ("default")))
| #define HAVE_VISIBILITY 1
| #define STDC_HEADERS 1
| #define HAVE_LIMITS_H 1
| #define HAVE_SYS_TYPES_H 1
| #define HAVE_SYS_STAT_H 1
| #define HAVE_DIRENT_H 1
| #define HAVE_STRING 1
| /* end confdefs.h.  */
| #include <stdio.h>
| #ifdef HAVE_SYS_TYPES_H
| # include <sys/types.h>
| #endif
| #ifdef HAVE_SYS_STAT_H
| # include <sys/stat.h>
| #endif
| #ifdef STDC_HEADERS
| # include <stdlib.h>
| # include <stddef.h>
| #else
| # ifdef HAVE_STDLIB_H
| #  include <stdlib.h>
| # endif
| #endif
| #ifdef HAVE_STRING_H
| # if !defined STDC_HEADERS && defined HAVE_MEMORY_H
| #  include <memory.h>
| # endif
| # include <string.h>
| #endif
| #ifdef HAVE_STRINGS_H
| # include <strings.h>
| #endif
| #ifdef HAVE_INTTYPES_H
| # include <inttypes.h>
| #endif
| #ifdef HAVE_STDINT_H
| # include <stdint.h>
| #endif
| #ifdef HAVE_UNISTD_H
| # include <unistd.h>
| #endif
| #include <bits/type_traits.h>
configure:13880: result: no
configure:13880: checking bits/type_traits.h presence
configure:13880: /home/jsnadeau/emsdk/upstream/emscripten/em++ -E  conftest.cpp
conftest.cpp:37:10: fatal error: 'bits/type_traits.h' file not found
#include <bits/type_traits.h>
         ^~~~~~~~~~~~~~~~~~~~
1 error generated.
configure:13880: $? = 1
configure: failed program was:
| /* confdefs.h */
| #define PACKAGE_NAME "PCRE"
| #define PACKAGE_TARNAME "pcre"
| #define PACKAGE_VERSION "8.43"
| #define PACKAGE_STRING "PCRE 8.43"
| #define PACKAGE_BUGREPORT ""
| #define PACKAGE_URL ""
| #define PACKAGE "pcre"
| #define VERSION "8.43"
| #define STDC_HEADERS 1
| #define HAVE_SYS_TYPES_H 1
| #define HAVE_SYS_STAT_H 1
| #define HAVE_STDLIB_H 1
| #define HAVE_STRING_H 1
| #define HAVE_MEMORY_H 1
| #define HAVE_STRINGS_H 1
| #define HAVE_INTTYPES_H 1
| #define HAVE_STDINT_H 1
| #define HAVE_UNISTD_H 1
| #define HAVE_DLFCN_H 1
| #define LT_OBJDIR ".libs/"
| #define PCRE_EXP_DECL extern __attribute__ ((visibility ("default")))
| #define PCRE_EXP_DEFN __attribute__ ((visibility ("default")))
| #define PCRE_EXP_DATA_DEFN __attribute__ ((visibility ("default")))
| #define PCREPOSIX_EXP_DECL extern __attribute__ ((visibility ("default")))
| #define PCREPOSIX_EXP_DEFN extern __attribute__ ((visibility ("default")))
| #define PCRECPP_EXP_DECL extern __attribute__ ((visibility ("default")))
| #define PCRECPP_EXP_DEFN __attribute__ ((visibility ("default")))
| #define HAVE_VISIBILITY 1
| #define STDC_HEADERS 1
| #define HAVE_LIMITS_H 1
| #define HAVE_SYS_TYPES_H 1
| #define HAVE_SYS_STAT_H 1
| #define HAVE_DIRENT_H 1
| #define HAVE_STRING 1
| /* end confdefs.h.  */
| #include <bits/type_traits.h>
configure:13880: result: no
configure:13880: checking for bits/type_traits.h
configure:13880: result: no
configure:13894: checking type_traits.h usability
configure:13894: /home/jsnadeau/emsdk/upstream/emscripten/em++ -c -O2  conftest.cpp >&5
conftest.cpp:70:10: fatal error: 'type_traits.h' file not found
#include <type_traits.h>
         ^~~~~~~~~~~~~~~
1 error generated.
shared:ERROR: '/home/jsnadeau/emsdk/upstream/bin/clang++ -target wasm32-unknown-emscripten -D__EMSCRIPTEN_major__=1 -D__EMSCRIPTEN_minor__=39 -D__EMSCRIPTEN_tiny__=5 -D_LIBCPP_ABI_VERSION=2 -Dunix -D__unix -D__unix__ -Werror=implicit-function-declaration -Xclang -nostdsysteminc -Xclang -isystem/home/jsnadeau/emsdk/upstream/emscripten/system/include/libcxx -Xclang -isystem/home/jsnadeau/emsdk/upstream/emscripten/system/lib/libcxxabi/include -Xclang -isystem/home/jsnadeau/emsdk/upstream/emscripten/system/include/compat -Xclang -isystem/home/jsnadeau/emsdk/upstream/emscripten/system/include -Xclang -isystem/home/jsnadeau/emsdk/upstream/emscripten/system/include/libc -Xclang -isystem/home/jsnadeau/emsdk/upstream/emscripten/system/lib/libc/musl/arch/emscripten -Xclang -isystem/home/jsnadeau/emsdk/upstream/emscripten/system/local/include -Xclang -isystem/home/jsnadeau/.emscripten_cache/wasm-obj/include -c -O2 -std=c++03 -DEMSCRIPTEN conftest.cpp -Xclang -isystem/home/jsnadeau/emsdk/upstream/emscripten/system/include/SDL -c -o conftest.o -mllvm -combiner-global-alias-analysis=false -mllvm -enable-emscripten-sjlj -mllvm -disable-lsr' failed (1)
configure:13894: $? = 1
configure: failed program was:
| /* confdefs.h */
| #define PACKAGE_NAME "PCRE"
| #define PACKAGE_TARNAME "pcre"
| #define PACKAGE_VERSION "8.43"
| #define PACKAGE_STRING "PCRE 8.43"
| #define PACKAGE_BUGREPORT ""
| #define PACKAGE_URL ""
| #define PACKAGE "pcre"
| #define VERSION "8.43"
| #define STDC_HEADERS 1
| #define HAVE_SYS_TYPES_H 1
| #define HAVE_SYS_STAT_H 1
| #define HAVE_STDLIB_H 1
| #define HAVE_STRING_H 1
| #define HAVE_MEMORY_H 1
| #define HAVE_STRINGS_H 1
| #define HAVE_INTTYPES_H 1
| #define HAVE_STDINT_H 1
| #define HAVE_UNISTD_H 1
| #define HAVE_DLFCN_H 1
| #define LT_OBJDIR ".libs/"
| #define PCRE_EXP_DECL extern __attribute__ ((visibility ("default")))
| #define PCRE_EXP_DEFN __attribute__ ((visibility ("default")))
| #define PCRE_EXP_DATA_DEFN __attribute__ ((visibility ("default")))
| #define PCREPOSIX_EXP_DECL extern __attribute__ ((visibility ("default")))
| #define PCREPOSIX_EXP_DEFN extern __attribute__ ((visibility ("default")))
| #define PCRECPP_EXP_DECL extern __attribute__ ((visibility ("default")))
| #define PCRECPP_EXP_DEFN __attribute__ ((visibility ("default")))
| #define HAVE_VISIBILITY 1
| #define STDC_HEADERS 1
| #define HAVE_LIMITS_H 1
| #define HAVE_SYS_TYPES_H 1
| #define HAVE_SYS_STAT_H 1
| #define HAVE_DIRENT_H 1
| #define HAVE_STRING 1
| /* end confdefs.h.  */
| #include <stdio.h>
| #ifdef HAVE_SYS_TYPES_H
| # include <sys/types.h>
| #endif
| #ifdef HAVE_SYS_STAT_H
| # include <sys/stat.h>
| #endif
| #ifdef STDC_HEADERS
| # include <stdlib.h>
| # include <stddef.h>
| #else
| # ifdef HAVE_STDLIB_H
| #  include <stdlib.h>
| # endif
| #endif
| #ifdef HAVE_STRING_H
| # if !defined STDC_HEADERS && defined HAVE_MEMORY_H
| #  include <memory.h>
| # endif
| # include <string.h>
| #endif
| #ifdef HAVE_STRINGS_H
| # include <strings.h>
| #endif
| #ifdef HAVE_INTTYPES_H
| # include <inttypes.h>
| #endif
| #ifdef HAVE_STDINT_H
| # include <stdint.h>
| #endif
| #ifdef HAVE_UNISTD_H
| # include <unistd.h>
| #endif
| #include <type_traits.h>
configure:13894: result: no
configure:13894: checking type_traits.h presence
configure:13894: /home/jsnadeau/emsdk/upstream/emscripten/em++ -E  conftest.cpp
conftest.cpp:37:10: fatal error: 'type_traits.h' file not found
#include <type_traits.h>
         ^~~~~~~~~~~~~~~
1 error generated.
configure:13894: $? = 1
configure: failed program was:
| /* confdefs.h */
| #define PACKAGE_NAME "PCRE"
| #define PACKAGE_TARNAME "pcre"
| #define PACKAGE_VERSION "8.43"
| #define PACKAGE_STRING "PCRE 8.43"
| #define PACKAGE_BUGREPORT ""
| #define PACKAGE_URL ""
| #define PACKAGE "pcre"
| #define VERSION "8.43"
| #define STDC_HEADERS 1
| #define HAVE_SYS_TYPES_H 1
| #define HAVE_SYS_STAT_H 1
| #define HAVE_STDLIB_H 1
| #define HAVE_STRING_H 1
| #define HAVE_MEMORY_H 1
| #define HAVE_STRINGS_H 1
| #define HAVE_INTTYPES_H 1
| #define HAVE_STDINT_H 1
| #define HAVE_UNISTD_H 1
| #define HAVE_DLFCN_H 1
| #define LT_OBJDIR ".libs/"
| #define PCRE_EXP_DECL extern __attribute__ ((visibility ("default")))
| #define PCRE_EXP_DEFN __attribute__ ((visibility ("default")))
| #define PCRE_EXP_DATA_DEFN __attribute__ ((visibility ("default")))
| #define PCREPOSIX_EXP_DECL extern __attribute__ ((visibility ("default")))
| #define PCREPOSIX_EXP_DEFN extern __attribute__ ((visibility ("default")))
| #define PCRECPP_EXP_DECL extern __attribute__ ((visibility ("default")))
| #define PCRECPP_EXP_DEFN __attribute__ ((visibility ("default")))
| #define HAVE_VISIBILITY 1
| #define STDC_HEADERS 1
| #define HAVE_LIMITS_H 1
| #define HAVE_SYS_TYPES_H 1
| #define HAVE_SYS_STAT_H 1
| #define HAVE_DIRENT_H 1
| #define HAVE_STRING 1
| /* end confdefs.h.  */
| #include <type_traits.h>
configure:13894: result: no
configure:13894: checking for type_traits.h
configure:13894: result: no
configure:13920: checking for strtoq
configure:13938: /home/jsnadeau/emsdk/upstream/emscripten/em++ -c -O2  conftest.cpp >&5
conftest.cpp:41:17: error: use of undeclared identifier 'strtoq'; did you mean 'strtol'?
char* e; return strtoq("100", &e, 10)
                ^~~~~~
                strtol
/home/jsnadeau/emsdk/upstream/emscripten/system/include/libc/stdlib.h:30:6: note: 'strtol' declared here
long strtol (const char *__restrict, char **__restrict, int);
     ^
1 error generated.
shared:ERROR: '/home/jsnadeau/emsdk/upstream/bin/clang++ -target wasm32-unknown-emscripten -D__EMSCRIPTEN_major__=1 -D__EMSCRIPTEN_minor__=39 -D__EMSCRIPTEN_tiny__=5 -D_LIBCPP_ABI_VERSION=2 -Dunix -D__unix -D__unix__ -Werror=implicit-function-declaration -Xclang -nostdsysteminc -Xclang -isystem/home/jsnadeau/emsdk/upstream/emscripten/system/include/libcxx -Xclang -isystem/home/jsnadeau/emsdk/upstream/emscripten/system/lib/libcxxabi/include -Xclang -isystem/home/jsnadeau/emsdk/upstream/emscripten/system/include/compat -Xclang -isystem/home/jsnadeau/emsdk/upstream/emscripten/system/include -Xclang -isystem/home/jsnadeau/emsdk/upstream/emscripten/system/include/libc -Xclang -isystem/home/jsnadeau/emsdk/upstream/emscripten/system/lib/libc/musl/arch/emscripten -Xclang -isystem/home/jsnadeau/emsdk/upstream/emscripten/system/local/include -Xclang -isystem/home/jsnadeau/.emscripten_cache/wasm-obj/include -c -O2 -std=c++03 -DEMSCRIPTEN conftest.cpp -Xclang -isystem/home/jsnadeau/emsdk/upstream/emscripten/system/include/SDL -c -o conftest.o -mllvm -combiner-global-alias-analysis=false -mllvm -enable-emscripten-sjlj -mllvm -disable-lsr' failed (1)
configure:13938: $? = 1
configure: failed program was:
| /* confdefs.h */
| #define PACKAGE_NAME "PCRE"
| #define PACKAGE_TARNAME "pcre"
| #define PACKAGE_VERSION "8.43"
| #define PACKAGE_STRING "PCRE 8.43"
| #define PACKAGE_BUGREPORT ""
| #define PACKAGE_URL ""
| #define PACKAGE "pcre"
| #define VERSION "8.43"
| #define STDC_HEADERS 1
| #define HAVE_SYS_TYPES_H 1
| #define HAVE_SYS_STAT_H 1
| #define HAVE_STDLIB_H 1
| #define HAVE_STRING_H 1
| #define HAVE_MEMORY_H 1
| #define HAVE_STRINGS_H 1
| #define HAVE_INTTYPES_H 1
| #define HAVE_STDINT_H 1
| #define HAVE_UNISTD_H 1
| #define HAVE_DLFCN_H 1
| #define LT_OBJDIR ".libs/"
| #define PCRE_EXP_DECL extern __attribute__ ((visibility ("default")))
| #define PCRE_EXP_DEFN __attribute__ ((visibility ("default")))
| #define PCRE_EXP_DATA_DEFN __attribute__ ((visibility ("default")))
| #define PCREPOSIX_EXP_DECL extern __attribute__ ((visibility ("default")))
| #define PCREPOSIX_EXP_DEFN extern __attribute__ ((visibility ("default")))
| #define PCRECPP_EXP_DECL extern __attribute__ ((visibility ("default")))
| #define PCRECPP_EXP_DEFN __attribute__ ((visibility ("default")))
| #define HAVE_VISIBILITY 1
| #define STDC_HEADERS 1
| #define HAVE_LIMITS_H 1
| #define HAVE_SYS_TYPES_H 1
| #define HAVE_SYS_STAT_H 1
| #define HAVE_DIRENT_H 1
| #define HAVE_STRING 1
| /* end confdefs.h.  */
| #include <stdlib.h>
| int
| main ()
| {
| char* e; return strtoq("100", &e, 10)
|   ;
|   return 0;
| }
configure:13949: result: no
configure:13920: checking for strtoll
configure:13938: /home/jsnadeau/emsdk/upstream/emscripten/em++ -c -O2  conftest.cpp >&5
configure:13938: $? = 0
configure:13939: result: yes
configure:13956: checking for long long
configure:13956: /home/jsnadeau/emsdk/upstream/emscripten/em++ -c -O2  conftest.cpp >&5
configure:13956: $? = 0
configure:13956: /home/jsnadeau/emsdk/upstream/emscripten/em++ -c -O2  conftest.cpp >&5
conftest.cpp:74:24: error: expected expression
if (sizeof ((long long)))
                       ^
1 error generated.
shared:ERROR: '/home/jsnadeau/emsdk/upstream/bin/clang++ -target wasm32-unknown-emscripten -D__EMSCRIPTEN_major__=1 -D__EMSCRIPTEN_minor__=39 -D__EMSCRIPTEN_tiny__=5 -D_LIBCPP_ABI_VERSION=2 -Dunix -D__unix -D__unix__ -Werror=implicit-function-declaration -Xclang -nostdsysteminc -Xclang -isystem/home/jsnadeau/emsdk/upstream/emscripten/system/include/libcxx -Xclang -isystem/home/jsnadeau/emsdk/upstream/emscripten/system/lib/libcxxabi/include -Xclang -isystem/home/jsnadeau/emsdk/upstream/emscripten/system/include/compat -Xclang -isystem/home/jsnadeau/emsdk/upstream/emscripten/system/include -Xclang -isystem/home/jsnadeau/emsdk/upstream/emscripten/system/include/libc -Xclang -isystem/home/jsnadeau/emsdk/upstream/emscripten/system/lib/libc/musl/arch/emscripten -Xclang -isystem/home/jsnadeau/emsdk/upstream/emscripten/system/local/include -Xclang -isystem/home/jsnadeau/.emscripten_cache/wasm-obj/include -c -O2 -std=c++03 -DEMSCRIPTEN conftest.cpp -Xclang -isystem/home/jsnadeau/emsdk/upstream/emscripten/system/include/SDL -c -o conftest.o -mllvm -combiner-global-alias-analysis=false -mllvm -enable-emscripten-sjlj -mllvm -disable-lsr' failed (1)
configure:13956: $? = 1
configure: failed program was:
| /* confdefs.h */
| #define PACKAGE_NAME "PCRE"
| #define PACKAGE_TARNAME "pcre"
| #define PACKAGE_VERSION "8.43"
| #define PACKAGE_STRING "PCRE 8.43"
| #define PACKAGE_BUGREPORT ""
| #define PACKAGE_URL ""
| #define PACKAGE "pcre"
| #define VERSION "8.43"
| #define STDC_HEADERS 1
| #define HAVE_SYS_TYPES_H 1
| #define HAVE_SYS_STAT_H 1
| #define HAVE_STDLIB_H 1
| #define HAVE_STRING_H 1
| #define HAVE_MEMORY_H 1
| #define HAVE_STRINGS_H 1
| #define HAVE_INTTYPES_H 1
| #define HAVE_STDINT_H 1
| #define HAVE_UNISTD_H 1
| #define HAVE_DLFCN_H 1
| #define LT_OBJDIR ".libs/"
| #define PCRE_EXP_DECL extern __attribute__ ((visibility ("default")))
| #define PCRE_EXP_DEFN __attribute__ ((visibility ("default")))
| #define PCRE_EXP_DATA_DEFN __attribute__ ((visibility ("default")))
| #define PCREPOSIX_EXP_DECL extern __attribute__ ((visibility ("default")))
| #define PCREPOSIX_EXP_DEFN extern __attribute__ ((visibility ("default")))
| #define PCRECPP_EXP_DECL extern __attribute__ ((visibility ("default")))
| #define PCRECPP_EXP_DEFN __attribute__ ((visibility ("default")))
| #define HAVE_VISIBILITY 1
| #define STDC_HEADERS 1
| #define HAVE_LIMITS_H 1
| #define HAVE_SYS_TYPES_H 1
| #define HAVE_SYS_STAT_H 1
| #define HAVE_DIRENT_H 1
| #define HAVE_STRING 1
| #define HAVE_STRTOLL 1
| /* end confdefs.h.  */
| #include <stdio.h>
| #ifdef HAVE_SYS_TYPES_H
| # include <sys/types.h>
| #endif
| #ifdef HAVE_SYS_STAT_H
| # include <sys/stat.h>
| #endif
| #ifdef STDC_HEADERS
| # include <stdlib.h>
| # include <stddef.h>
| #else
| # ifdef HAVE_STDLIB_H
| #  include <stdlib.h>
| # endif
| #endif
| #ifdef HAVE_STRING_H
| # if !defined STDC_HEADERS && defined HAVE_MEMORY_H
| #  include <memory.h>
| # endif
| # include <string.h>
| #endif
| #ifdef HAVE_STRINGS_H
| # include <strings.h>
| #endif
| #ifdef HAVE_INTTYPES_H
| # include <inttypes.h>
| #endif
| #ifdef HAVE_STDINT_H
| # include <stdint.h>
| #endif
| #ifdef HAVE_UNISTD_H
| # include <unistd.h>
| #endif
| int
| main ()
| {
| if (sizeof ((long long)))
| 	    return 0;
|   ;
|   return 0;
| }
configure:13956: result: yes
configure:13968: checking for unsigned long long
configure:13968: /home/jsnadeau/emsdk/upstream/emscripten/em++ -c -O2  conftest.cpp >&5
configure:13968: $? = 0
configure:13968: /home/jsnadeau/emsdk/upstream/emscripten/em++ -c -O2  conftest.cpp >&5
conftest.cpp:75:33: error: expected expression
if (sizeof ((unsigned long long)))
                                ^
1 error generated.
shared:ERROR: '/home/jsnadeau/emsdk/upstream/bin/clang++ -target wasm32-unknown-emscripten -D__EMSCRIPTEN_major__=1 -D__EMSCRIPTEN_minor__=39 -D__EMSCRIPTEN_tiny__=5 -D_LIBCPP_ABI_VERSION=2 -Dunix -D__unix -D__unix__ -Werror=implicit-function-declaration -Xclang -nostdsysteminc -Xclang -isystem/home/jsnadeau/emsdk/upstream/emscripten/system/include/libcxx -Xclang -isystem/home/jsnadeau/emsdk/upstream/emscripten/system/lib/libcxxabi/include -Xclang -isystem/home/jsnadeau/emsdk/upstream/emscripten/system/include/compat -Xclang -isystem/home/jsnadeau/emsdk/upstream/emscripten/system/include -Xclang -isystem/home/jsnadeau/emsdk/upstream/emscripten/system/include/libc -Xclang -isystem/home/jsnadeau/emsdk/upstream/emscripten/system/lib/libc/musl/arch/emscripten -Xclang -isystem/home/jsnadeau/emsdk/upstream/emscripten/system/local/include -Xclang -isystem/home/jsnadeau/.emscripten_cache/wasm-obj/include -c -O2 -std=c++03 -DEMSCRIPTEN conftest.cpp -Xclang -isystem/home/jsnadeau/emsdk/upstream/emscripten/system/include/SDL -c -o conftest.o -mllvm -combiner-global-alias-analysis=false -mllvm -enable-emscripten-sjlj -mllvm -disable-lsr' failed (1)
configure:13968: $? = 1
configure: failed program was:
| /* confdefs.h */
| #define PACKAGE_NAME "PCRE"
| #define PACKAGE_TARNAME "pcre"
| #define PACKAGE_VERSION "8.43"
| #define PACKAGE_STRING "PCRE 8.43"
| #define PACKAGE_BUGREPORT ""
| #define PACKAGE_URL ""
| #define PACKAGE "pcre"
| #define VERSION "8.43"
| #define STDC_HEADERS 1
| #define HAVE_SYS_TYPES_H 1
| #define HAVE_SYS_STAT_H 1
| #define HAVE_STDLIB_H 1
| #define HAVE_STRING_H 1
| #define HAVE_MEMORY_H 1
| #define HAVE_STRINGS_H 1
| #define HAVE_INTTYPES_H 1
| #define HAVE_STDINT_H 1
| #define HAVE_UNISTD_H 1
| #define HAVE_DLFCN_H 1
| #define LT_OBJDIR ".libs/"
| #define PCRE_EXP_DECL extern __attribute__ ((visibility ("default")))
| #define PCRE_EXP_DEFN __attribute__ ((visibility ("default")))
| #define PCRE_EXP_DATA_DEFN __attribute__ ((visibility ("default")))
| #define PCREPOSIX_EXP_DECL extern __attribute__ ((visibility ("default")))
| #define PCREPOSIX_EXP_DEFN extern __attribute__ ((visibility ("default")))
| #define PCRECPP_EXP_DECL extern __attribute__ ((visibility ("default")))
| #define PCRECPP_EXP_DEFN __attribute__ ((visibility ("default")))
| #define HAVE_VISIBILITY 1
| #define STDC_HEADERS 1
| #define HAVE_LIMITS_H 1
| #define HAVE_SYS_TYPES_H 1
| #define HAVE_SYS_STAT_H 1
| #define HAVE_DIRENT_H 1
| #define HAVE_STRING 1
| #define HAVE_STRTOLL 1
| #define HAVE_LONG_LONG 1
| /* end confdefs.h.  */
| #include <stdio.h>
| #ifdef HAVE_SYS_TYPES_H
| # include <sys/types.h>
| #endif
| #ifdef HAVE_SYS_STAT_H
| # include <sys/stat.h>
| #endif
| #ifdef STDC_HEADERS
| # include <stdlib.h>
| # include <stddef.h>
| #else
| # ifdef HAVE_STDLIB_H
| #  include <stdlib.h>
| # endif
| #endif
| #ifdef HAVE_STRING_H
| # if !defined STDC_HEADERS && defined HAVE_MEMORY_H
| #  include <memory.h>
| # endif
| # include <string.h>
| #endif
| #ifdef HAVE_STRINGS_H
| # include <strings.h>
| #endif
| #ifdef HAVE_INTTYPES_H
| # include <inttypes.h>
| #endif
| #ifdef HAVE_STDINT_H
| # include <stdint.h>
| #endif
| #ifdef HAVE_UNISTD_H
| # include <unistd.h>
| #endif
| int
| main ()
| {
| if (sizeof ((unsigned long long)))
| 	    return 0;
|   ;
|   return 0;
| }
configure:13968: result: yes
configure:14066: checking for an ANSI C-conforming const
configure:14132: /home/jsnadeau/emsdk/upstream/emscripten/emcc -c -g -O2  conftest.c >&5
configure:14132: $? = 0
configure:14139: result: yes
configure:14147: checking for size_t
configure:14147: /home/jsnadeau/emsdk/upstream/emscripten/emcc -c -g -O2  conftest.c >&5
configure:14147: $? = 0
configure:14147: /home/jsnadeau/emsdk/upstream/emscripten/emcc -c -g -O2  conftest.c >&5
conftest.c:76:21: error: expected expression
if (sizeof ((size_t)))
                    ^
1 error generated.
shared:ERROR: '/home/jsnadeau/emsdk/upstream/bin/clang -target wasm32-unknown-emscripten -D__EMSCRIPTEN_major__=1 -D__EMSCRIPTEN_minor__=39 -D__EMSCRIPTEN_tiny__=5 -D_LIBCPP_ABI_VERSION=2 -Dunix -D__unix -D__unix__ -Werror=implicit-function-declaration -Xclang -nostdsysteminc -Xclang -isystem/home/jsnadeau/emsdk/upstream/emscripten/system/include/libcxx -Xclang -isystem/home/jsnadeau/emsdk/upstream/emscripten/system/lib/libcxxabi/include -Xclang -isystem/home/jsnadeau/emsdk/upstream/emscripten/system/include/compat -Xclang -isystem/home/jsnadeau/emsdk/upstream/emscripten/system/include -Xclang -isystem/home/jsnadeau/emsdk/upstream/emscripten/system/include/libc -Xclang -isystem/home/jsnadeau/emsdk/upstream/emscripten/system/lib/libc/musl/arch/emscripten -Xclang -isystem/home/jsnadeau/emsdk/upstream/emscripten/system/local/include -Xclang -isystem/home/jsnadeau/.emscripten_cache/wasm-obj/include -c -gline-tables-only -O2 -DEMSCRIPTEN conftest.c -Xclang -isystem/home/jsnadeau/emsdk/upstream/emscripten/system/include/SDL -c -o conftest.o -mllvm -combiner-global-alias-analysis=false -mllvm -enable-emscripten-sjlj -mllvm -disable-lsr' failed (1)
configure:14147: $? = 1
configure: failed program was:
| /* confdefs.h */
| #define PACKAGE_NAME "PCRE"
| #define PACKAGE_TARNAME "pcre"
| #define PACKAGE_VERSION "8.43"
| #define PACKAGE_STRING "PCRE 8.43"
| #define PACKAGE_BUGREPORT ""
| #define PACKAGE_URL ""
| #define PACKAGE "pcre"
| #define VERSION "8.43"
| #define STDC_HEADERS 1
| #define HAVE_SYS_TYPES_H 1
| #define HAVE_SYS_STAT_H 1
| #define HAVE_STDLIB_H 1
| #define HAVE_STRING_H 1
| #define HAVE_MEMORY_H 1
| #define HAVE_STRINGS_H 1
| #define HAVE_INTTYPES_H 1
| #define HAVE_STDINT_H 1
| #define HAVE_UNISTD_H 1
| #define HAVE_DLFCN_H 1
| #define LT_OBJDIR ".libs/"
| #define PCRE_EXP_DECL extern __attribute__ ((visibility ("default")))
| #define PCRE_EXP_DEFN __attribute__ ((visibility ("default")))
| #define PCRE_EXP_DATA_DEFN __attribute__ ((visibility ("default")))
| #define PCREPOSIX_EXP_DECL extern __attribute__ ((visibility ("default")))
| #define PCREPOSIX_EXP_DEFN extern __attribute__ ((visibility ("default")))
| #define PCRECPP_EXP_DECL extern __attribute__ ((visibility ("default")))
| #define PCRECPP_EXP_DEFN __attribute__ ((visibility ("default")))
| #define HAVE_VISIBILITY 1
| #define STDC_HEADERS 1
| #define HAVE_LIMITS_H 1
| #define HAVE_SYS_TYPES_H 1
| #define HAVE_SYS_STAT_H 1
| #define HAVE_DIRENT_H 1
| #define HAVE_STRING 1
| #define HAVE_STRTOLL 1
| #define HAVE_LONG_LONG 1
| #define HAVE_UNSIGNED_LONG_LONG 1
| /* end confdefs.h.  */
| #include <stdio.h>
| #ifdef HAVE_SYS_TYPES_H
| # include <sys/types.h>
| #endif
| #ifdef HAVE_SYS_STAT_H
| # include <sys/stat.h>
| #endif
| #ifdef STDC_HEADERS
| # include <stdlib.h>
| # include <stddef.h>
| #else
| # ifdef HAVE_STDLIB_H
| #  include <stdlib.h>
| # endif
| #endif
| #ifdef HAVE_STRING_H
| # if !defined STDC_HEADERS && defined HAVE_MEMORY_H
| #  include <memory.h>
| # endif
| # include <string.h>
| #endif
| #ifdef HAVE_STRINGS_H
| # include <strings.h>
| #endif
| #ifdef HAVE_INTTYPES_H
| # include <inttypes.h>
| #endif
| #ifdef HAVE_STDINT_H
| # include <stdint.h>
| #endif
| #ifdef HAVE_UNISTD_H
| # include <unistd.h>
| #endif
| int
| main ()
| {
| if (sizeof ((size_t)))
| 	    return 0;
|   ;
|   return 0;
| }
configure:14147: result: yes
configure:14164: checking for bcopy
configure:14164: /home/jsnadeau/emsdk/upstream/emscripten/emcc -o conftest -g -O2   conftest.c  >&5
wasm-ld: warning: function signature mismatch: bcopy
>>> defined as () -> i32 in /tmp/emscripten_temp_4M17Z8/conftest_0.o
>>> defined as (i32, i32, i32) -> void in /home/jsnadeau/.emscripten_cache/wasm-obj/libc.a(bcopy_616e93e0.c.o)
configure:14164: $? = 0
configure:14164: result: yes
configure:14164: checking for memmove
configure:14164: /home/jsnadeau/emsdk/upstream/emscripten/emcc -o conftest -g -O2   conftest.c  >&5
conftest.c:64:6: warning: incompatible redeclaration of library function 'memmove' [-Wincompatible-library-redeclaration]
char memmove ();
     ^
conftest.c:64:6: note: 'memmove' is a builtin with type 'void *(void *, const void *, unsigned long)'
1 warning generated.
wasm-ld: warning: function signature mismatch: memmove
>>> defined as () -> i32 in /tmp/emscripten_temp_iWrpaM/conftest_0.o
>>> defined as (i32, i32, i32) -> i32 in /home/jsnadeau/.emscripten_cache/wasm-obj/libc_rt_wasm.a(emscripten_memmove_3cb8b0e0.c.o)
configure:14164: $? = 0
configure:14164: result: yes
configure:14164: checking for strerror
configure:14164: /home/jsnadeau/emsdk/upstream/emscripten/emcc -o conftest -g -O2   conftest.c  >&5
conftest.c:65:6: warning: incompatible redeclaration of library function 'strerror' [-Wincompatible-library-redeclaration]
char strerror ();
     ^
conftest.c:65:6: note: 'strerror' is a builtin with type 'char *(int)'
1 warning generated.
wasm-ld: warning: function signature mismatch: strerror
>>> defined as () -> i32 in /tmp/emscripten_temp_MLp5dD/conftest_0.o
>>> defined as (i32) -> i32 in /home/jsnadeau/.emscripten_cache/wasm-obj/libc.a(strerror_3a64263d.c.o)
configure:14164: $? = 0
configure:14164: result: yes
configure:14178: checking zlib.h usability
configure:14178: /home/jsnadeau/emsdk/upstream/emscripten/emcc -c -g -O2  conftest.c >&5
configure:14178: $? = 0
configure:14178: result: yes
configure:14178: checking zlib.h presence
configure:14178: /home/jsnadeau/emsdk/upstream/emscripten/emcc -E  conftest.c
configure:14178: $? = 0
configure:14178: result: yes
configure:14178: checking for zlib.h
configure:14178: result: yes
configure:14188: checking for gzopen in -lz
configure:14213: /home/jsnadeau/emsdk/upstream/emscripten/emcc -o conftest -g -O2   conftest.c -lz   >&5
wasm-ld: warning: function signature mismatch: gzopen
>>> defined as () -> i32 in /tmp/emscripten_temp_YFflH7/conftest_0.o
>>> defined as (i32, i32) -> i32 in /home/jsnadeau/.emscripten_cache/wasm-obj/libz.a(gzlib_08e84ef1.c.o)
configure:14213: $? = 0
configure:14222: result: yes
configure:14247: checking bzlib.h usability
configure:14247: /home/jsnadeau/emsdk/upstream/emscripten/emcc -c -g -O2  conftest.c >&5
conftest.c:77:10: fatal error: 'bzlib.h' file not found
#include <bzlib.h>
         ^~~~~~~~~
1 error generated.
shared:ERROR: '/home/jsnadeau/emsdk/upstream/bin/clang -target wasm32-unknown-emscripten -D__EMSCRIPTEN_major__=1 -D__EMSCRIPTEN_minor__=39 -D__EMSCRIPTEN_tiny__=5 -D_LIBCPP_ABI_VERSION=2 -Dunix -D__unix -D__unix__ -Werror=implicit-function-declaration -Xclang -nostdsysteminc -Xclang -isystem/home/jsnadeau/emsdk/upstream/emscripten/system/include/libcxx -Xclang -isystem/home/jsnadeau/emsdk/upstream/emscripten/system/lib/libcxxabi/include -Xclang -isystem/home/jsnadeau/emsdk/upstream/emscripten/system/include/compat -Xclang -isystem/home/jsnadeau/emsdk/upstream/emscripten/system/include -Xclang -isystem/home/jsnadeau/emsdk/upstream/emscripten/system/include/libc -Xclang -isystem/home/jsnadeau/emsdk/upstream/emscripten/system/lib/libc/musl/arch/emscripten -Xclang -isystem/home/jsnadeau/emsdk/upstream/emscripten/system/local/include -Xclang -isystem/home/jsnadeau/.emscripten_cache/wasm-obj/include -c -gline-tables-only -O2 -DEMSCRIPTEN conftest.c -Xclang -isystem/home/jsnadeau/emsdk/upstream/emscripten/system/include/SDL -c -o conftest.o -mllvm -combiner-global-alias-analysis=false -mllvm -enable-emscripten-sjlj -mllvm -disable-lsr' failed (1)
configure:14247: $? = 1
configure: failed program was:
| /* confdefs.h */
| #define PACKAGE_NAME "PCRE"
| #define PACKAGE_TARNAME "pcre"
| #define PACKAGE_VERSION "8.43"
| #define PACKAGE_STRING "PCRE 8.43"
| #define PACKAGE_BUGREPORT ""
| #define PACKAGE_URL ""
| #define PACKAGE "pcre"
| #define VERSION "8.43"
| #define STDC_HEADERS 1
| #define HAVE_SYS_TYPES_H 1
| #define HAVE_SYS_STAT_H 1
| #define HAVE_STDLIB_H 1
| #define HAVE_STRING_H 1
| #define HAVE_MEMORY_H 1
| #define HAVE_STRINGS_H 1
| #define HAVE_INTTYPES_H 1
| #define HAVE_STDINT_H 1
| #define HAVE_UNISTD_H 1
| #define HAVE_DLFCN_H 1
| #define LT_OBJDIR ".libs/"
| #define PCRE_EXP_DECL extern __attribute__ ((visibility ("default")))
| #define PCRE_EXP_DEFN __attribute__ ((visibility ("default")))
| #define PCRE_EXP_DATA_DEFN __attribute__ ((visibility ("default")))
| #define PCREPOSIX_EXP_DECL extern __attribute__ ((visibility ("default")))
| #define PCREPOSIX_EXP_DEFN extern __attribute__ ((visibility ("default")))
| #define PCRECPP_EXP_DECL extern __attribute__ ((visibility ("default")))
| #define PCRECPP_EXP_DEFN __attribute__ ((visibility ("default")))
| #define HAVE_VISIBILITY 1
| #define STDC_HEADERS 1
| #define HAVE_LIMITS_H 1
| #define HAVE_SYS_TYPES_H 1
| #define HAVE_SYS_STAT_H 1
| #define HAVE_DIRENT_H 1
| #define HAVE_STRING 1
| #define HAVE_STRTOLL 1
| #define HAVE_LONG_LONG 1
| #define HAVE_UNSIGNED_LONG_LONG 1
| #define HAVE_BCOPY 1
| #define HAVE_MEMMOVE 1
| #define HAVE_STRERROR 1
| #define HAVE_ZLIB_H 1
| /* end confdefs.h.  */
| #include <stdio.h>
| #ifdef HAVE_SYS_TYPES_H
| # include <sys/types.h>
| #endif
| #ifdef HAVE_SYS_STAT_H
| # include <sys/stat.h>
| #endif
| #ifdef STDC_HEADERS
| # include <stdlib.h>
| # include <stddef.h>
| #else
| # ifdef HAVE_STDLIB_H
| #  include <stdlib.h>
| # endif
| #endif
| #ifdef HAVE_STRING_H
| # if !defined STDC_HEADERS && defined HAVE_MEMORY_H
| #  include <memory.h>
| # endif
| # include <string.h>
| #endif
| #ifdef HAVE_STRINGS_H
| # include <strings.h>
| #endif
| #ifdef HAVE_INTTYPES_H
| # include <inttypes.h>
| #endif
| #ifdef HAVE_STDINT_H
| # include <stdint.h>
| #endif
| #ifdef HAVE_UNISTD_H
| # include <unistd.h>
| #endif
| #include <bzlib.h>
configure:14247: result: no
configure:14247: checking bzlib.h presence
configure:14247: /home/jsnadeau/emsdk/upstream/emscripten/emcc -E  conftest.c
conftest.c:44:10: fatal error: 'bzlib.h' file not found
#include <bzlib.h>
         ^~~~~~~~~
1 error generated.
configure:14247: $? = 1
configure: failed program was:
| /* confdefs.h */
| #define PACKAGE_NAME "PCRE"
| #define PACKAGE_TARNAME "pcre"
| #define PACKAGE_VERSION "8.43"
| #define PACKAGE_STRING "PCRE 8.43"
| #define PACKAGE_BUGREPORT ""
| #define PACKAGE_URL ""
| #define PACKAGE "pcre"
| #define VERSION "8.43"
| #define STDC_HEADERS 1
| #define HAVE_SYS_TYPES_H 1
| #define HAVE_SYS_STAT_H 1
| #define HAVE_STDLIB_H 1
| #define HAVE_STRING_H 1
| #define HAVE_MEMORY_H 1
| #define HAVE_STRINGS_H 1
| #define HAVE_INTTYPES_H 1
| #define HAVE_STDINT_H 1
| #define HAVE_UNISTD_H 1
| #define HAVE_DLFCN_H 1
| #define LT_OBJDIR ".libs/"
| #define PCRE_EXP_DECL extern __attribute__ ((visibility ("default")))
| #define PCRE_EXP_DEFN __attribute__ ((visibility ("default")))
| #define PCRE_EXP_DATA_DEFN __attribute__ ((visibility ("default")))
| #define PCREPOSIX_EXP_DECL extern __attribute__ ((visibility ("default")))
| #define PCREPOSIX_EXP_DEFN extern __attribute__ ((visibility ("default")))
| #define PCRECPP_EXP_DECL extern __attribute__ ((visibility ("default")))
| #define PCRECPP_EXP_DEFN __attribute__ ((visibility ("default")))
| #define HAVE_VISIBILITY 1
| #define STDC_HEADERS 1
| #define HAVE_LIMITS_H 1
| #define HAVE_SYS_TYPES_H 1
| #define HAVE_SYS_STAT_H 1
| #define HAVE_DIRENT_H 1
| #define HAVE_STRING 1
| #define HAVE_STRTOLL 1
| #define HAVE_LONG_LONG 1
| #define HAVE_UNSIGNED_LONG_LONG 1
| #define HAVE_BCOPY 1
| #define HAVE_MEMMOVE 1
| #define HAVE_STRERROR 1
| #define HAVE_ZLIB_H 1
| /* end confdefs.h.  */
| #include <bzlib.h>
configure:14247: result: no
configure:14247: checking for bzlib.h
configure:14247: result: no
configure:14262: checking for libbz2
configure:14280: /home/jsnadeau/emsdk/upstream/emscripten/emcc -o conftest -g -O2   conftest.c  -lbz2 >&5
conftest.c:51:13: error: implicit declaration of function 'BZ2_bzopen' is invalid in C99 [-Werror,-Wimplicit-function-declaration]
return (int)BZ2_bzopen("conftest", "rb");
            ^
1 error generated.
shared:ERROR: '/home/jsnadeau/emsdk/upstream/bin/clang -target wasm32-unknown-emscripten -D__EMSCRIPTEN_major__=1 -D__EMSCRIPTEN_minor__=39 -D__EMSCRIPTEN_tiny__=5 -D_LIBCPP_ABI_VERSION=2 -Dunix -D__unix -D__unix__ -Werror=implicit-function-declaration -Xclang -nostdsysteminc -Xclang -isystem/home/jsnadeau/emsdk/upstream/emscripten/system/include/libcxx -Xclang -isystem/home/jsnadeau/emsdk/upstream/emscripten/system/lib/libcxxabi/include -Xclang -isystem/home/jsnadeau/emsdk/upstream/emscripten/system/include/compat -Xclang -isystem/home/jsnadeau/emsdk/upstream/emscripten/system/include -Xclang -isystem/home/jsnadeau/emsdk/upstream/emscripten/system/include/libc -Xclang -isystem/home/jsnadeau/emsdk/upstream/emscripten/system/lib/libc/musl/arch/emscripten -Xclang -isystem/home/jsnadeau/emsdk/upstream/emscripten/system/local/include -Xclang -isystem/home/jsnadeau/.emscripten_cache/wasm-obj/include -gline-tables-only -O2 -DEMSCRIPTEN conftest.c -Xclang -isystem/home/jsnadeau/emsdk/upstream/emscripten/system/include/SDL -c -o /tmp/emscripten_temp_uEoFR9/conftest_0.o -mllvm -combiner-global-alias-analysis=false -mllvm -enable-emscripten-sjlj -mllvm -disable-lsr' failed (1)
configure:14280: $? = 1
configure: failed program was:
| /* confdefs.h */
| #define PACKAGE_NAME "PCRE"
| #define PACKAGE_TARNAME "pcre"
| #define PACKAGE_VERSION "8.43"
| #define PACKAGE_STRING "PCRE 8.43"
| #define PACKAGE_BUGREPORT ""
| #define PACKAGE_URL ""
| #define PACKAGE "pcre"
| #define VERSION "8.43"
| #define STDC_HEADERS 1
| #define HAVE_SYS_TYPES_H 1
| #define HAVE_SYS_STAT_H 1
| #define HAVE_STDLIB_H 1
| #define HAVE_STRING_H 1
| #define HAVE_MEMORY_H 1
| #define HAVE_STRINGS_H 1
| #define HAVE_INTTYPES_H 1
| #define HAVE_STDINT_H 1
| #define HAVE_UNISTD_H 1
| #define HAVE_DLFCN_H 1
| #define LT_OBJDIR ".libs/"
| #define PCRE_EXP_DECL extern __attribute__ ((visibility ("default")))
| #define PCRE_EXP_DEFN __attribute__ ((visibility ("default")))
| #define PCRE_EXP_DATA_DEFN __attribute__ ((visibility ("default")))
| #define PCREPOSIX_EXP_DECL extern __attribute__ ((visibility ("default")))
| #define PCREPOSIX_EXP_DEFN extern __attribute__ ((visibility ("default")))
| #define PCRECPP_EXP_DECL extern __attribute__ ((visibility ("default")))
| #define PCRECPP_EXP_DEFN __attribute__ ((visibility ("default")))
| #define HAVE_VISIBILITY 1
| #define STDC_HEADERS 1
| #define HAVE_LIMITS_H 1
| #define HAVE_SYS_TYPES_H 1
| #define HAVE_SYS_STAT_H 1
| #define HAVE_DIRENT_H 1
| #define HAVE_STRING 1
| #define HAVE_STRTOLL 1
| #define HAVE_LONG_LONG 1
| #define HAVE_UNSIGNED_LONG_LONG 1
| #define HAVE_BCOPY 1
| #define HAVE_MEMMOVE 1
| #define HAVE_STRERROR 1
| #define HAVE_ZLIB_H 1
| /* end confdefs.h.  */
| 
| #ifdef HAVE_BZLIB_H
| #include <bzlib.h>
| #endif
| int
| main ()
| {
| return (int)BZ2_bzopen("conftest", "rb");
|   ;
|   return 0;
| }
configure:14284: result: no
configure:15849: checking that generated files are newer than configure
configure:15855: result: done
configure:15922: creating ./config.status

## ---------------------- ##
## Running config.status. ##
## ---------------------- ##

This file was extended by PCRE config.status 8.43, which was
generated by GNU Autoconf 2.69.  Invocation command line was

  CONFIG_FILES    = 
  CONFIG_HEADERS  = 
  CONFIG_LINKS    = 
  CONFIG_COMMANDS = 
  $ ./config.status 

on jsnadeau-z400

config.status:1245: creating Makefile
config.status:1245: creating libpcre.pc
config.status:1245: creating libpcre16.pc
config.status:1245: creating libpcre32.pc
config.status:1245: creating libpcreposix.pc
config.status:1245: creating libpcrecpp.pc
config.status:1245: creating pcre-config
config.status:1245: creating pcre.h
config.status:1245: creating pcre_stringpiece.h
config.status:1245: creating pcrecpparg.h
config.status:1245: creating config.h
config.status:1426: config.h is unchanged
config.status:1474: executing depfiles commands
config.status:1551: cd .       && sed -e '/# am--include-marker/d' Makefile         | make -f - am--depfiles
make: Nothing to be done for 'am--depfiles'.
config.status:1556: $? = 0
config.status:1474: executing libtool commands
config.status:1474: executing script-chmod commands
config.status:1474: executing delete-old-chartables commands

## ---------------- ##
## Cache variables. ##
## ---------------- ##

ac_cv_build=x86_64-pc-linux-gnu
ac_cv_c_compiler_gnu=yes
ac_cv_c_const=yes
ac_cv_c_int64_t=yes
ac_cv_cxx_compiler_gnu=yes
ac_cv_env_CCC_set=
ac_cv_env_CCC_value=
ac_cv_env_CC_set=set
ac_cv_env_CC_value=/home/jsnadeau/emsdk/upstream/emscripten/emcc
ac_cv_env_CFLAGS_set=
ac_cv_env_CFLAGS_value=
ac_cv_env_CPPFLAGS_set=
ac_cv_env_CPPFLAGS_value=
ac_cv_env_CPP_set=
ac_cv_env_CPP_value=
ac_cv_env_CXXCPP_set=
ac_cv_env_CXXCPP_value=
ac_cv_env_CXXFLAGS_set=
ac_cv_env_CXXFLAGS_value=
ac_cv_env_CXX_set=set
ac_cv_env_CXX_value=/home/jsnadeau/emsdk/upstream/emscripten/em++
ac_cv_env_GENHTML_set=
ac_cv_env_GENHTML_value=
ac_cv_env_LCOV_set=
ac_cv_env_LCOV_value=
ac_cv_env_LDFLAGS_set=
ac_cv_env_LDFLAGS_value=
ac_cv_env_LIBS_set=
ac_cv_env_LIBS_value=
ac_cv_env_LT_SYS_LIBRARY_PATH_set=
ac_cv_env_LT_SYS_LIBRARY_PATH_value=
ac_cv_env_PKG_CONFIG_LIBDIR_set=set
ac_cv_env_PKG_CONFIG_LIBDIR_value=/home/jsnadeau/emsdk/upstream/emscripten/system/local/lib/pkgconfig:/home/jsnadeau/emsdk/upstream/emscripten/system/lib/pkgconfig
ac_cv_env_PKG_CONFIG_PATH_set=set
ac_cv_env_PKG_CONFIG_PATH_value=
ac_cv_env_PKG_CONFIG_set=
ac_cv_env_PKG_CONFIG_value=
ac_cv_env_VALGRIND_CFLAGS_set=
ac_cv_env_VALGRIND_CFLAGS_value=
ac_cv_env_VALGRIND_LIBS_set=
ac_cv_env_VALGRIND_LIBS_value=
ac_cv_env_build_alias_set=
ac_cv_env_build_alias_value=
ac_cv_env_host_alias_set=
ac_cv_env_host_alias_value=
ac_cv_env_target_alias_set=
ac_cv_env_target_alias_value=
ac_cv_func_bcopy=yes
ac_cv_func_memmove=yes
ac_cv_func_strerror=yes
ac_cv_header_bits_type_traits_h=no
ac_cv_header_bzlib_h=no
ac_cv_header_dirent_h=yes
ac_cv_header_dlfcn_h=yes
ac_cv_header_inttypes_h=yes
ac_cv_header_limits_h=yes
ac_cv_header_memory_h=yes
ac_cv_header_stdc=yes
ac_cv_header_stdint_h=yes
ac_cv_header_stdlib_h=yes
ac_cv_header_string=yes
ac_cv_header_string_h=yes
ac_cv_header_strings_h=yes
ac_cv_header_sys_stat_h=yes
ac_cv_header_sys_types_h=yes
ac_cv_header_type_traits_h=no
ac_cv_header_unistd_h=yes
ac_cv_header_windows_h=no
ac_cv_header_zlib_h=yes
ac_cv_host=x86_64-pc-linux-gnu
ac_cv_lib_z_gzopen=yes
ac_cv_objext=o
ac_cv_path_EGREP='/usr/bin/grep -E'
ac_cv_path_FGREP='/usr/bin/grep -F'
ac_cv_path_GREP=/usr/bin/grep
ac_cv_path_SED=/usr/bin/sed
ac_cv_path_install='/usr/bin/install -c'
ac_cv_path_lt_DD=/usr/bin/dd
ac_cv_path_mkdir=/usr/bin/mkdir
ac_cv_prog_AWK=gawk
ac_cv_prog_CPP='/home/jsnadeau/emsdk/upstream/emscripten/emcc -E'
ac_cv_prog_CXXCPP='/home/jsnadeau/emsdk/upstream/emscripten/em++ -E'
ac_cv_prog_ac_ct_CC=/home/jsnadeau/emsdk/upstream/emscripten/emcc
ac_cv_prog_ac_ct_DLLTOOL=dlltool
ac_cv_prog_ac_ct_MANIFEST_TOOL=mt
ac_cv_prog_ac_ct_OBJDUMP=objdump
ac_cv_prog_ac_ct_RANLIB=/home/jsnadeau/emsdk/upstream/emscripten/emranlib
ac_cv_prog_ac_ct_STRIP=strip
ac_cv_prog_cc_c89=
ac_cv_prog_cc_g=yes
ac_cv_prog_cxx_g=yes
ac_cv_prog_make_make_set=yes
ac_cv_type_long_long=yes
ac_cv_type_size_t=yes
ac_cv_type_unsigned_long_long=yes
am_cv_CC_dependencies_compiler_type=gcc3
am_cv_CXX_dependencies_compiler_type=gcc3
am_cv_ar_interface=ar
am_cv_make_support_nested_variables=yes
am_cv_prog_cc_c_o=yes
lt_cv_ar_at_file=@
lt_cv_archive_cmds_need_lc=yes
lt_cv_deplibs_check_method=pass_all
lt_cv_file_magic_cmd='$MAGIC_CMD'
lt_cv_file_magic_test_file=
lt_cv_ld_reload_flag=-r
lt_cv_nm_interface='BSD nm'
lt_cv_objdir=.libs
lt_cv_path_LD=/home/jsnadeau/emsdk/upstream/emscripten/emcc
lt_cv_path_LDCXX=/home/jsnadeau/emsdk/upstream/emscripten/emcc
lt_cv_path_NM=/home/jsnadeau/emsdk/upstream/bin/llvm-nm
lt_cv_path_mainfest_tool=no
lt_cv_prog_compiler_c_o=yes
lt_cv_prog_compiler_c_o_CXX=yes
lt_cv_prog_compiler_pic='-fPIC -DPIC'
lt_cv_prog_compiler_pic_CXX='-fPIC -DPIC'
lt_cv_prog_compiler_pic_works=yes
lt_cv_prog_compiler_pic_works_CXX=yes
lt_cv_prog_compiler_rtti_exceptions=yes
lt_cv_prog_compiler_static_works=yes
lt_cv_prog_compiler_static_works_CXX=yes
lt_cv_prog_gnu_ld=yes
lt_cv_prog_gnu_ldcxx=yes
lt_cv_sharedlib_from_linklib_cmd='printf %s\n'
lt_cv_shlibpath_overrides_runpath=no
lt_cv_sys_global_symbol_pipe='sed -n -e '\''s/^.*[	 ]\([BCDEGRST][BCDEGRST]*\)[	 ][	 ]*\([_A-Za-z][_A-Za-z0-9]*\)$/\1 \2 \2/p'\'' | sed '\''/ __gnu_lto/d'\'''
lt_cv_sys_global_symbol_to_c_name_address='sed -n -e '\''s/^: \(.*\) .*$/  {"\1", (void *) 0},/p'\'' -e '\''s/^[BCDEGRST][BCDEGRST]* .* \(.*\)$/  {"\1", (void *) \&\1},/p'\'''
lt_cv_sys_global_symbol_to_c_name_address_lib_prefix='sed -n -e '\''s/^: \(.*\) .*$/  {"\1", (void *) 0},/p'\'' -e '\''s/^[BCDEGRST][BCDEGRST]* .* \(lib.*\)$/  {"\1", (void *) \&\1},/p'\'' -e '\''s/^[BCDEGRST][BCDEGRST]* .* \(.*\)$/  {"lib\1", (void *) \&\1},/p'\'''
lt_cv_sys_global_symbol_to_cdecl='sed -n -e '\''s/^T .* \(.*\)$/extern int \1();/p'\'' -e '\''s/^[BCDEGRST][BCDEGRST]* .* \(.*\)$/extern char \1;/p'\'''
lt_cv_sys_global_symbol_to_import=
lt_cv_sys_max_cmd_len=1572864
lt_cv_to_host_file_cmd=func_convert_file_noop
lt_cv_to_tool_file_cmd=func_convert_file_noop
lt_cv_truncate_bin='/usr/bin/dd bs=4096 count=1'
pcre_cv_cc_vis_werror=yes
pcre_cv_cc_visibility=yes

## ----------------- ##
## Output variables. ##
## ----------------- ##

ACLOCAL='${SHELL} /home/jsnadeau/haxec/pcre/missing aclocal-1.16'
AMDEPBACKSLASH='\'
AMDEP_FALSE='#'
AMDEP_TRUE=''
AMTAR='$${TAR-tar}'
AM_BACKSLASH='\'
AM_DEFAULT_V='$(AM_DEFAULT_VERBOSITY)'
AM_DEFAULT_VERBOSITY='0'
AM_V='$(V)'
AR='/home/jsnadeau/emsdk/upstream/emscripten/emar'
AS='as'
AUTOCONF='${SHELL} /home/jsnadeau/haxec/pcre/missing autoconf'
AUTOHEADER='${SHELL} /home/jsnadeau/haxec/pcre/missing autoheader'
AUTOMAKE='${SHELL} /home/jsnadeau/haxec/pcre/missing automake-1.16'
AWK='gawk'
CC='/home/jsnadeau/emsdk/upstream/emscripten/emcc'
CCDEPMODE='depmode=gcc3'
CFLAGS='-g -O2'
CPP='/home/jsnadeau/emsdk/upstream/emscripten/emcc -E'
CPPFLAGS=''
CXX='/home/jsnadeau/emsdk/upstream/emscripten/em++'
CXXCPP='/home/jsnadeau/emsdk/upstream/emscripten/em++ -E'
CXXDEPMODE='depmode=gcc3'
CXXFLAGS='-O2'
CYGPATH_W='echo'
DEFS='-DHAVE_CONFIG_H'
DEPDIR='.deps'
DISTCHECK_CONFIGURE_FLAGS='CFLAGS='\'''\'' CXXFLAGS='\'''\'' --enable-pcre16 --enable-pcre32 --enable-jit --enable-cpp --enable-unicode-properties'
DLLTOOL='dlltool'
DSYMUTIL=''
DUMPBIN=''
ECHO_C=''
ECHO_N='-n'
ECHO_T=''
EGREP='/usr/bin/grep -E'
EXEEXT=''
EXTRA_LIBPCRE16_LDFLAGS='                         -version-info 2:11:2'
EXTRA_LIBPCRE32_LDFLAGS='                         -version-info 0:11:0'
EXTRA_LIBPCRECPP_LDFLAGS=' -Wl,-alias,__ZN7pcrecpp2RE6no_argE,__ZN7pcrecpp6no_argE                            -version-info 0:1:0                           '
EXTRA_LIBPCREPOSIX_LDFLAGS='                              -version-info 0:6:0'
EXTRA_LIBPCRE_LDFLAGS='                         -version-info 3:11:2'
FGREP='/usr/bin/grep -F'
GCOV_CFLAGS=''
GCOV_CXXFLAGS=''
GCOV_LIBS=''
GENHTML=''
GREP='/usr/bin/grep'
HAVE_VISIBILITY='1'
INSTALL_DATA='${INSTALL} -m 644'
INSTALL_PROGRAM='${INSTALL}'
INSTALL_SCRIPT='${INSTALL}'
INSTALL_STRIP_PROGRAM='$(install_sh) -c -s'
LCOV=''
LD='/home/jsnadeau/emsdk/upstream/emscripten/emcc'
LDFLAGS=''
LIBBZ2=''
LIBOBJS=''
LIBREADLINE=''
LIBS=''
LIBTOOL='$(SHELL) $(top_builddir)/libtool'
LIBZ=''
LIPO=''
LN_S='ln -s'
LTLIBOBJS=''
LT_SYS_LIBRARY_PATH=''
MAKEINFO='${SHELL} /home/jsnadeau/haxec/pcre/missing makeinfo'
MANIFEST_TOOL=':'
MKDIR_P='/usr/bin/mkdir -p'
NM='/home/jsnadeau/emsdk/upstream/bin/llvm-nm'
NMEDIT=''
OBJDUMP='objdump'
OBJEXT='o'
OTOOL64=''
OTOOL=''
PACKAGE='pcre'
PACKAGE_BUGREPORT=''
PACKAGE_NAME='PCRE'
PACKAGE_STRING='PCRE 8.43'
PACKAGE_TARNAME='pcre'
PACKAGE_URL=''
PACKAGE_VERSION='8.43'
PATH_SEPARATOR=':'
PCRE_DATE='2019-02-23'
PCRE_MAJOR='8'
PCRE_MINOR='43'
PCRE_PRERELEASE=''
PCRE_STATIC_CFLAG=''
PKG_CONFIG=''
PKG_CONFIG_LIBDIR='/home/jsnadeau/emsdk/upstream/emscripten/system/local/lib/pkgconfig:/home/jsnadeau/emsdk/upstream/emscripten/system/lib/pkgconfig'
PKG_CONFIG_PATH=''
PTHREAD_CC=''
PTHREAD_CFLAGS=''
PTHREAD_LIBS=''
RANLIB='/home/jsnadeau/emsdk/upstream/emscripten/emranlib'
SED='/usr/bin/sed'
SET_MAKE=''
SHELL='/bin/bash'
SHTOOL=''
STRIP='strip'
VALGRIND_CFLAGS=''
VALGRIND_LIBS=''
VERSION='8.43'
VISIBILITY_CFLAGS='-fvisibility=hidden'
VISIBILITY_CXXFLAGS='-fvisibility=hidden -fvisibility-inlines-hidden'
WITH_GCOV_FALSE=''
WITH_GCOV_TRUE='#'
WITH_JIT_FALSE=''
WITH_JIT_TRUE='#'
WITH_PCRE16_FALSE=''
WITH_PCRE16_TRUE='#'
WITH_PCRE32_FALSE=''
WITH_PCRE32_TRUE='#'
WITH_PCRE8_FALSE='#'
WITH_PCRE8_TRUE=''
WITH_PCRE_CPP_FALSE='#'
WITH_PCRE_CPP_TRUE=''
WITH_REBUILD_CHARTABLES_FALSE=''
WITH_REBUILD_CHARTABLES_TRUE='#'
WITH_UTF_FALSE=''
WITH_UTF_TRUE='#'
WITH_VALGRIND_FALSE=''
WITH_VALGRIND_TRUE='#'
ac_ct_AR=''
ac_ct_CC='/home/jsnadeau/emsdk/upstream/emscripten/emcc'
ac_ct_CXX=''
ac_ct_DUMPBIN=''
am__EXEEXT_FALSE=''
am__EXEEXT_TRUE='#'
am__fastdepCC_FALSE='#'
am__fastdepCC_TRUE=''
am__fastdepCXX_FALSE='#'
am__fastdepCXX_TRUE=''
am__include='include'
am__isrc=''
am__leading_dot='.'
am__nodep='_no'
am__quote=''
am__tar='$${TAR-tar} chof - "$$tardir"'
am__untar='$${TAR-tar} xf -'
ax_pthread_config=''
bindir='${exec_prefix}/bin'
build='x86_64-pc-linux-gnu'
build_alias=''
build_cpu='x86_64'
build_os='linux-gnu'
build_vendor='pc'
datadir='${datarootdir}'
datarootdir='${prefix}/share'
docdir='${datarootdir}/doc/${PACKAGE_TARNAME}'
dvidir='${docdir}'
enable_cpp='yes'
enable_pcre16='no'
enable_pcre32='no'
enable_pcre8='yes'
exec_prefix='${prefix}'
host='x86_64-pc-linux-gnu'
host_alias=''
host_cpu='x86_64'
host_os='linux-gnu'
host_vendor='pc'
htmldir='${docdir}/html'
includedir='${prefix}/include'
infodir='${datarootdir}/info'
install_sh='${SHELL} /home/jsnadeau/haxec/pcre/install-sh'
libdir='${exec_prefix}/lib'
libexecdir='${exec_prefix}/libexec'
localedir='${datarootdir}/locale'
localstatedir='${prefix}/var'
mandir='${datarootdir}/man'
mkdir_p='$(MKDIR_P)'
oldincludedir='/usr/include'
pcre_have_bits_type_traits='0'
pcre_have_long_long='1'
pcre_have_type_traits='0'
pcre_have_ulong_long='1'
pdfdir='${docdir}'
prefix='/usr/local'
program_transform_name='s,x,x,'
psdir='${docdir}'
sbindir='${exec_prefix}/sbin'
sharedstatedir='${prefix}/com'
sysconfdir='${prefix}/etc'
target_alias=''

## ----------- ##
## confdefs.h. ##
## ----------- ##

/* confdefs.h */
#define PACKAGE_NAME "PCRE"
#define PACKAGE_TARNAME "pcre"
#define PACKAGE_VERSION "8.43"
#define PACKAGE_STRING "PCRE 8.43"
#define PACKAGE_BUGREPORT ""
#define PACKAGE_URL ""
#define PACKAGE "pcre"
#define VERSION "8.43"
#define STDC_HEADERS 1
#define HAVE_SYS_TYPES_H 1
#define HAVE_SYS_STAT_H 1
#define HAVE_STDLIB_H 1
#define HAVE_STRING_H 1
#define HAVE_MEMORY_H 1
#define HAVE_STRINGS_H 1
#define HAVE_INTTYPES_H 1
#define HAVE_STDINT_H 1
#define HAVE_UNISTD_H 1
#define HAVE_DLFCN_H 1
#define LT_OBJDIR ".libs/"
#define PCRE_EXP_DECL extern __attribute__ ((visibility ("default")))
#define PCRE_EXP_DEFN __attribute__ ((visibility ("default")))
#define PCRE_EXP_DATA_DEFN __attribute__ ((visibility ("default")))
#define PCREPOSIX_EXP_DECL extern __attribute__ ((visibility ("default")))
#define PCREPOSIX_EXP_DEFN extern __attribute__ ((visibility ("default")))
#define PCRECPP_EXP_DECL extern __attribute__ ((visibility ("default")))
#define PCRECPP_EXP_DEFN __attribute__ ((visibility ("default")))
#define HAVE_VISIBILITY 1
#define STDC_HEADERS 1
#define HAVE_LIMITS_H 1
#define HAVE_SYS_TYPES_H 1
#define HAVE_SYS_STAT_H 1
#define HAVE_DIRENT_H 1
#define HAVE_STRING 1
#define HAVE_STRTOLL 1
#define HAVE_LONG_LONG 1
#define HAVE_UNSIGNED_LONG_LONG 1
#define HAVE_BCOPY 1
#define HAVE_MEMMOVE 1
#define HAVE_STRERROR 1
#define HAVE_ZLIB_H 1
#define SUPPORT_PCRE8 /**/
#define PCREGREP_BUFSIZE 20480
#define NEWLINE 10
#define LINK_SIZE 2
#define POSIX_MALLOC_THRESHOLD 10
#define PARENS_NEST_LIMIT 250
#define MATCH_LIMIT 10000000
#define MATCH_LIMIT_RECURSION MATCH_LIMIT
#define MAX_NAME_SIZE 32
#define MAX_NAME_COUNT 10000

configure: exit 0
